"../../../Engine/Content/BasicShapes/BasicShapeMaterial.uasset" 0
"../../../Engine/Content/Functions/Engine_MaterialFunctions01/Opacity/CameraDepthFade.uasset" 1
"../../../Engine/Content/EngineMaterials/T_Default_Material_Grid_M.uasset" 2
"../../../Engine/Content/EngineMaterials/T_Default_Material_Grid_N.uasset" 3
"../../../Engine/Content/EngineMaterials/DefaultMaterial.uasset" 4
"../../../Engine/Content/BasicShapes/Cone.uasset" 5
"../../../Engine/Content/BasicShapes/Sphere.uasset" 6
"../../../RViberoom/Content/ConvexMirror/BP_ConcvexMirror.uasset" 7
"../../../RViberoom/Content/materials/M_Black.uasset" 8
"../../../RViberoom/Content/textures/T_Concrete_Poured_D.uasset" 9
"../../../RViberoom/Content/textures/T_Concrete_Poured_N.uasset" 10
"../../../RViberoom/Content/textures/T_MacroVariation.uasset" 11
"../../../RViberoom/Content/textures/T_Perlin_Noise_M.uasset" 12
"../../../RViberoom/Content/materials/M_Concrete_Poured.uasset" 13
"../../../RViberoom/Content/textures/T_Wood_Walnut_D.uasset" 14
"../../../RViberoom/Content/textures/T_Wood_Walnut_N.uasset" 15
"../../../RViberoom/Content/materials/M_Wood_Walnut.uasset" 16
"../../../Engine/Content/BasicShapes/Cylinder.uasset" 17
"../../../Engine/Content/EngineMaterials/WorldGridMaterial.uasset" 18
"../../../Engine/Content/BasicShapes/Plane.uasset" 19
"../../../Engine/Content/EditorLandscapeResources/DataLayer.uasset" 20
"../../../Engine/Content/EditorMaterials/GizmoMaterial.uasset" 21
"../../../Engine/Content/EditorMaterials/MAT_Groups_Toggle.uasset" 22
"../../../Engine/Content/EditorMaterials/MAT_Groups_Visibility.uasset" 23
"../../../Engine/Content/EditorMaterials/PreviewShadowIndicator.uasset" 24
"../../../Engine/Content/EditorMaterials/PreviewShadowIndicatorMaterial.uasset" 25
"../../../Engine/Content/EditorMaterials/MatineeGroups/MAT_ColorTrack.uasset" 26
"../../../Engine/Content/EditorMaterials/MatineeGroups/MAT_Groups_Anim.uasset" 27
"../../../Engine/Content/EditorMaterials/MatineeGroups/MAT_Groups_AudioMaster.uasset" 28
"../../../Engine/Content/EditorMaterials/MatineeGroups/MAT_Groups_Director.uasset" 29
"../../../Engine/Content/EditorMaterials/MatineeGroups/MAT_Groups_Event.uasset" 30
"../../../Engine/Content/EditorMaterials/MatineeGroups/MAT_Groups_Fade.uasset" 31
"../../../Engine/Content/EditorMaterials/MatineeGroups/MAT_Groups_Float.uasset" 32
"../../../Engine/Content/EditorMaterials/MatineeGroups/MAT_Groups_Move.uasset" 33
"../../../Engine/Content/EditorMaterials/MatineeGroups/MAT_Groups_Slomo.uasset" 34
"../../../Engine/Content/EditorMaterials/MatineeGroups/MAT_Groups_Sound.uasset" 35
"../../../Engine/Content/EditorMaterials/MatineeGroups/MAT_Groups_Vector.uasset" 36
"../../../Engine/Content/EditorMaterials/ParticleSystems/PSysThumbnail_NoImage.uasset" 37
"../../../Engine/Content/EditorMaterials/ParticleSystems/PSysThumbnail_OOD.uasset" 38
"../../../Engine/Content/EditorMaterials/Camera/CineMat.uasset" 39
"../../../Engine/Content/EditorMaterials/Camera/MI_CineMat_Rig.uasset" 40
"../../../Engine/Content/EditorMeshes/Camera/SM_CraneRig_Arm.uasset" 41
"../../../Engine/Content/EditorMeshes/Camera/SM_CraneRig_Base.uasset" 42
"../../../Engine/Content/EditorMeshes/Camera/SM_CraneRig_Body.uasset" 43
"../../../Engine/Content/EditorMeshes/Camera/SM_CraneRig_Mount.uasset" 44
"../../../Engine/Content/EditorMeshes/Camera/SM_RailRig_Mount.uasset" 45
"../../../Engine/Content/EditorMeshes/Camera/SM_RailRig_Track.uasset" 46
"../../../Engine/Content/EditorMeshes/ColorCalibrator/M_ChromeBall.uasset" 47
"../../../Engine/Content/EditorMeshes/ColorCalibrator/M_ClearCoat.uasset" 48
"../../../Engine/Content/EditorMeshes/ColorCalibrator/M_ClearCoatBlack.uasset" 49
"../../../Engine/Content/EditorMeshes/ColorCalibrator/Color_checker.uasset" 50
"../../../Engine/Content/EditorMeshes/ColorCalibrator/M_ColorGrid.uasset" 51
"../../../Engine/Content/EditorMeshes/ColorCalibrator/M_GreyBall.uasset" 52
"../../../Engine/Content/EditorMeshes/ColorCalibrator/SM_ColorCalibrator.uasset" 53
"../../../Engine/Content/EditorResources/BSPVertex.uasset" 54
"../../../Engine/Content/EditorResources/EmptyActor.uasset" 55
"../../../Engine/Content/EditorResources/S_Actor.uasset" 56
"../../../Engine/Content/EditorResources/S_Trigger.uasset" 57
"../../../Engine/Content/EditorResources/LightIcons/S_LightError.uasset" 58
"../../../Engine/Content/EditorResources/SequenceRecorder/Countdown.uasset" 59
"../../../Engine/Content/EditorResources/SequenceRecorder/RecordingIndicator.uasset" 60
"../../../Engine/Content/EditorSounds/Notifications/CompileFailed.uasset" 61
"../../../Engine/Content/EditorSounds/Notifications/CompileFailed_Cue.uasset" 62
"../../../Engine/Content/EditorSounds/Notifications/CompileSuccess.uasset" 63
"../../../Engine/Content/EditorSounds/Notifications/CompileStart_Cue.uasset" 64
"../../../Engine/Content/EditorSounds/Notifications/CompileSuccess_Cue.uasset" 65
"../../../Engine/Content/EngineDamageTypes/DmgTypeBP_Environmental.uasset" 66
"../../../Engine/Content/EngineDebugMaterials/HeatmapGradient.uasset" 67
"../../../Engine/Content/EngineDebugMaterials/BoneWeightMaterial.uasset" 68
"../../../Engine/Content/EngineDebugMaterials/ClothMaterial.uasset" 69
"../../../Engine/Content/EngineDebugMaterials/ClothMaterial_WF.uasset" 70
"../../../Engine/Content/EngineDebugMaterials/DebugEditorMaterial.uasset" 71
"../../../Engine/Content/EngineDebugMaterials/DebugMeshMaterial.uasset" 72
"../../../Engine/Content/EngineDebugMaterials/GeomMaterial.uasset" 73
"../../../Engine/Content/EngineFonts/Faces/RobotoBold.uasset" 74
"../../../Engine/Content/EngineFonts/Faces/RobotoBoldItalic.uasset" 75
"../../../Engine/Content/EngineFonts/Faces/RobotoItalic.uasset" 76
"../../../Engine/Content/EngineFonts/Faces/RobotoLight.uasset" 77
"../../../Engine/Content/EngineFonts/Faces/RobotoRegular.uasset" 78
"../../../Engine/Content/EngineFonts/Roboto.uasset" 79
"../../../Engine/Content/EngineFonts/Faces/RobotoTiny.uasset" 80
"../../../Engine/Content/EngineFonts/RobotoTiny.uasset" 81
"../../../Engine/Content/EngineMaterials/DefaultBloomKernel.uasset" 82
"../../../Engine/Content/EngineMaterials/DefaultBokeh.uasset" 83
"../../../Engine/Content/EngineMaterials/DefaultDiffuse.uasset" 84
"../../../Engine/Content/EngineMaterials/DefaultDeferredDecalMaterial.uasset" 85
"../../../Engine/Content/EngineMaterials/DefaultLightFunctionMaterial.uasset" 86
"../../../Engine/Content/EngineMaterials/DefaultPhysicalMaterial.uasset" 87
"../../../Engine/Content/Functions/Engine_MaterialFunctions02/Utility/BreakOutFloat2Components.uasset" 88
"../../../Engine/Content/EngineMaterials/DefaultPostProcessMaterial.uasset" 89
"../../../Engine/Content/EngineFonts/RobotoDistanceField.uasset" 90
"../../../Engine/Content/EngineMaterials/DefaultTextMaterialOpaque.uasset" 91
"../../../Engine/Content/EngineMaterials/DefaultWhiteGrid.uasset" 92
"../../../Engine/Content/EngineMaterials/EditorBrushMaterial.uasset" 93
"../../../Engine/Content/EngineMaterials/Good64x64TilingNoiseHighFreq.uasset" 94
"../../../Engine/Content/EngineMaterials/MiniFont.uasset" 95
"../../../Engine/Content/EngineMaterials/InvalidLightmapSettings.uasset" 96
"../../../Engine/Content/EngineMaterials/M_InvalidLightmapSettings.uasset" 97
"../../../Engine/Content/Functions/Engine_MaterialFunctions02/WorldPositionOffset/CameraOffset.uasset" 98
"../../../Engine/Content/EngineMaterials/PhAT_JointLimitMaterial.uasset" 99
"../../../Engine/Content/EngineMaterials/PreintegratedSkinBRDF.uasset" 100
"../../../Engine/Content/EngineMaterials/RemoveSurfaceMaterial.uasset" 101
"../../../Engine/Content/EngineMaterials/WeightMapPlaceholderTexture.uasset" 102
"../../../Engine/Content/EngineResources/WhiteSquareTexture.uasset" 103
"../../../Engine/Content/EngineMaterials/Widget3DPassThrough.uasset" 104
"../../../Engine/Content/EngineMaterials/Widget3DPassThrough_Masked.uasset" 105
"../../../Engine/Content/EngineMaterials/Widget3DPassThrough_Opaque.uasset" 106
"../../../Engine/Content/EngineMaterials/Widget3DPassThrough_Masked_OneSided.uasset" 107
"../../../Engine/Content/EngineMaterials/Widget3DPassThrough_Opaque_OneSided.uasset" 108
"../../../Engine/Content/EngineMaterials/Widget3DPassThrough_Translucent.uasset" 109
"../../../Engine/Content/EngineMaterials/Widget3DPassThrough_Translucent_OneSided.uasset" 110
"../../../Engine/Content/EngineMeshes/Cube.uasset" 111
"../../../Engine/Content/EngineMeshes/Cylinder.uasset" 112
"../../../Engine/Content/EngineMeshes/Sphere.uasset" 113
"../../../Engine/Content/EngineResources/Black.uasset" 114
"../../../Engine/Content/EngineResources/DefaultTexture.uasset" 115
"../../../Engine/Content/EngineResources/DefaultTextureCube.uasset" 116
"../../../Engine/Content/EngineResources/GradientTexture0.uasset" 117
"../../../Engine/Content/EngineSounds/Master.uasset" 118
"../../../Engine/Content/Functions/Engine_MaterialFunctions01/Shading/ConvertFromDiffSpec.uasset" 119
"../../../Engine/Content/Functions/Engine_MaterialFunctions01/Shading/PowerToRoughness.uasset" 120
"../../../Engine/Content/Maps/Templates/Thumbnails/Default.uasset" 121
"../../../Engine/Content/Maps/Templates/Thumbnails/VR-Basic.uasset" 122
"../../../Engine/Content/MobileResources/T_MobileControls_texture.uasset" 123
"../../../Engine/Content/MobileResources/T_MobileMenu2.uasset" 124
"../../../Engine/Content/MobileResources/HUD/AnalogHat.uasset" 125
"../../../Engine/Content/MobileResources/HUD/VirtualJoystick_Background.uasset" 126
"../../../Engine/Content/MobileResources/HUD/VirtualJoystick_Thumb.uasset" 127
"../../../Engine/Content/MobileResources/HUD/DefaultVirtualJoysticks.uasset" 128
"../../../Engine/Content/MobileResources/HUD/LeftVirtualJoystickOnly.uasset" 129
"../../../Engine/Content/MobileResources/HUD/MobileHUDButton1_off.uasset" 130
"../../../Engine/Content/MobileResources/HUD/MobileHUDButton1_on.uasset" 131
"../../../Engine/Content/MobileResources/HUD/MobileHUDButton2_off.uasset" 132
"../../../Engine/Content/MobileResources/HUD/MobileHUDButton2_on.uasset" 133
"../../../Engine/Content/MobileResources/HUD/MobileHUDButton3.uasset" 134
"../../../Engine/Content/MobileResources/HUD/MobileHUDButtonFire.uasset" 135
"../../../Engine/Content/MobileResources/HUD/MobileHUDDirectionPad.uasset" 136
"../../../Engine/Content/MobileResources/HUD/MobileHUDDirectionPad2.uasset" 137
"../../../Engine/Content/MobileResources/HUD/MobileHUDDirectionPad3.uasset" 138
"../../../Engine/Content/MobileResources/HUD/MobileHUDDirectionStick.uasset" 139
"../../../Engine/Content/MobileResources/HUD/T_Castle_ThumbstickInner.uasset" 140
"../../../Engine/Content/MobileResources/HUD/T_Castle_ThumbstickOutter.uasset" 141
"../../../Engine/Content/Tutorial/ContentIntroCurve.uasset" 142
"../../../Engine/Content/Tutorial/Basics/TutorialAssets/icon_tab_Levels_40x.uasset" 143
"../../../Engine/Content/Tutorial/BlueprintTutorials/TutorialAssets/BlueprintInterface_64x.uasset" 144
"../../../Engine/Content/Tutorial/BlueprintTutorials/TutorialAssets/BlueprintMacroLibrary_64x.uasset" 145
"../../../Engine/Content/Tutorial/BlueprintTutorials/TutorialAssets/Blueprint_64x.uasset" 146
"../../../Engine/Content/Tutorial/BlueprintTutorials/TutorialAssets/Tutorial_BP_Interface.uasset" 147
"../../../Engine/Content/Tutorial/Foliage/TutorialAssets/Foliage.uasset" 148
"../../../Engine/Content/Tutorial/Landscape/TutorialAssets/Landscape.uasset" 149
"../../../Engine/Content/Tutorial/Mobile/TutorialAssets/android_Icon.uasset" 150
"../../../Engine/Content/Tutorial/Paper2D/TutorialAssets/Paper2DFlipbook_TutorialIcon.uasset" 151
"../../../Engine/Content/Tutorial/Paper2D/TutorialAssets/Paper2DSprite_TutorialIcon.uasset" 152
"../../../Engine/Content/Tutorial/SubEditors/TutorialAssets/icon_Editor_Preferences_General_40x.uasset" 153
"../../../Engine/Content/Tutorial/SubEditors/TutorialAssets/icon_ShowSkeletalMeshes_40x.uasset" 154
"../../../Engine/Content/Tutorial/SubEditors/TutorialAssets/TutorialMaterial.uasset" 155
"../../../Engine/Content/Tutorial/SubEditors/TutorialAssets/T_SmokeSubUV_8X8.uasset" 156
"../../../Engine/Content/Tutorial/SubEditors/TutorialAssets/T_soft_smoke.uasset" 157
"../../../Engine/Content/Tutorial/SubEditors/TutorialAssets/M_smoke_subUV_blackbody.uasset" 158
"../../../Engine/Content/Tutorial/SubEditors/TutorialAssets/TutorialParticleSystem.uasset" 159
"../../../Engine/Content/VREditor/Devices/Generic/GenericHMDMaterial.uasset" 160
"../../../Engine/Content/VREditor/Devices/Generic/GenericHMD.uasset" 161
"../../../Engine/Content/VREditor/FloatingText/LineMaterial.uasset" 162
"../../../Engine/Content/VREditor/FloatingText/JointSphere.uasset" 163
"../../../Engine/Content/VREditor/FloatingText/LineSegmentCylinder.uasset" 164
"../../../Engine/Content/VREditor/Fonts/VRText_RobotoLarge.uasset" 165
"../../../Engine/Content/VREditor/Fonts/VRTextMaterial.uasset" 166
"../../../Engine/Content/VREditor/Fonts/TranslucentVRTextMaterial.uasset" 167
"../../../Engine/Content/VREditor/LaserPointer/CursorPointer.uasset" 168
"../../../Engine/Content/VREditor/LaserPointer/VR_LaserPower_01.uasset" 169
"../../../Engine/Content/VREditor/TransformGizmo/TransformGizmoMaterial.uasset" 170
"../../../Engine/Content/VREditor/LaserPointer/HoverMaterial.uasset" 171
"../../../Engine/Content/VREditor/TransformGizmo/TranslucentTransformGizmoMaterial.uasset" 172
"../../../Engine/Content/VREditor/LaserPointer/TranslucentHoverMaterial.uasset" 173
"../../../Engine/Content/VREditor/LaserPointer/HoverMesh.uasset" 174
"../../../Engine/Content/VREditor/LaserPointer/LaserPointerMaterial.uasset" 175
"../../../Engine/Content/VREditor/LaserPointer/LaserPointerMaterialInst.uasset" 176
"../../../Engine/Content/VREditor/LaserPointer/TranslucentLaserPointerMaterialInst.uasset" 177
"../../../Engine/Content/VREditor/LaserPointer/LaserPointerMesh.uasset" 178
"../../../Engine/Content/VREditor/LaserPointer/LaserPointerMesh_End.uasset" 179
"../../../Engine/Content/VREditor/LaserPointer/LaserPointerMesh_Start.uasset" 180
"../../../Engine/Content/Functions/Engine_MaterialFunctions02/Utility/BreakOutFloat3Components.uasset" 181
"../../../Engine/Content/Functions/Engine_MaterialFunctions02/Math/Transform3x3Matrix.uasset" 182
"../../../Engine/Content/Functions/Engine_MaterialFunctions02/SplitComponents.uasset" 183
"../../../Engine/Content/Functions/Engine_MaterialFunctions02/Utility/MakeFloat3.uasset" 184
"../../../Engine/Content/VREditor/SnapGrid/SnapGridMaterial.uasset" 185
"../../../Engine/Content/VREditor/SnapGrid/SnapGridPlaneMesh.uasset" 186
"../../../Engine/Content/VREditor/Sounds/VR_teleport.uasset" 187
"../../../Engine/Content/VREditor/Sounds/UI/Click_on_Button_Cue.uasset" 188
"../../../Engine/Content/VREditor/Sounds/UI/Dockable_Window_Close.uasset" 189
"../../../Engine/Content/VREditor/Sounds/UI/Dockable_Window_Drop.uasset" 190
"../../../Engine/Content/VREditor/Sounds/UI/Dockable_Window_Open.uasset" 191
"../../../Engine/Content/VREditor/Sounds/UI/Dockable_Window_Pick_Up.uasset" 192
"../../../Engine/Content/VREditor/Sounds/UI/Drop_Item_From_ContentBrowser.uasset" 193
"../../../Engine/Content/VREditor/Sounds/UI/Floating_UI_Open-001.uasset" 194
"../../../Engine/Content/VREditor/Sounds/UI/Gizmo_Handle_Clicked.uasset" 195
"../../../Engine/Content/VREditor/Sounds/UI/Object_PickUp.uasset" 196
"../../../Engine/Content/VREditor/Sounds/UI/Object_Snaps_To_Another_Actor.uasset" 197
"../../../Engine/Content/VREditor/Sounds/UI/Object_Snaps_To_Grid.uasset" 198
"../../../Engine/Content/VREditor/Sounds/UI/Radial_Menu_FadeOut.uasset" 199
"../../../Engine/Content/VREditor/Sounds/UI/Scaling_Down.uasset" 200
"../../../Engine/Content/VREditor/Sounds/UI/Scaling_Up.uasset" 201
"../../../Engine/Content/VREditor/Sounds/UI/Selection_Changes.uasset" 202
"../../../Engine/Content/VREditor/Sounds/UI/Teleport_Mode_Entered.uasset" 203
"../../../Engine/Content/VREditor/Teleport/TeleportDirectionMaterial.uasset" 204
"../../../Engine/Content/VREditor/Teleport/TeleportDirectionMaterial_Inst.uasset" 205
"../../../Engine/Content/VREditor/Teleport/TeleportDirectionMesh.uasset" 206
"../../../Engine/Content/VREditor/TransformGizmo/BoundingBoxCorner.uasset" 207
"../../../Engine/Content/VREditor/TransformGizmo/BoundingBoxEdge.uasset" 208
"../../../Engine/Content/VREditor/TransformGizmo/PlaneTranslationHandle.uasset" 209
"../../../Engine/Content/VREditor/TransformGizmo/RotationHandleFull.uasset" 210
"../../../Engine/Content/VREditor/TransformGizmo/RotationHandleIndicator.uasset" 211
"../../../Engine/Content/VREditor/TransformGizmo/RotationHandleQuarter.uasset" 212
"../../../Engine/Content/VREditor/TransformGizmo/Main.uasset" 213
"../../../Engine/Content/VREditor/TransformGizmo/Xray.uasset" 214
"../../../Engine/Content/VREditor/TransformGizmo/SM_Dialog_Close.uasset" 215
"../../../Engine/Content/VREditor/TransformGizmo/SM_Dialog_Move.uasset" 216
"../../../Engine/Content/VREditor/TransformGizmo/SM_Sequencer_Key.uasset" 217
"../../../Engine/Content/VREditor/TransformGizmo/SM_Sequencer_Node.uasset" 218
"../../../Engine/Content/VREditor/TransformGizmo/StartRotationHandleIndicator.uasset" 219
"../../../Engine/Content/VREditor/TransformGizmo/TranslucentTransformGizmoMaterial_Inst.uasset" 220
"../../../Engine/Content/VREditor/TransformGizmo/TransformGizmoFreeRotation.uasset" 221
"../../../Engine/Content/VREditor/TransformGizmo/TransformGizmoMaterial_Inst.uasset" 222
"../../../Engine/Content/VREditor/TransformGizmo/TranslateArrowHandle.uasset" 223
"../../../Engine/Content/VREditor/TransformGizmo/UniformScaleHandle.uasset" 224
"../../../Engine/Content/VREditor/UI/KeyDiskMaterial.uasset" 225
"../../../Engine/Content/VREditor/UI/DiscMaterial.uasset" 226
"../../../Engine/Content/VREditor/UI/SM_Radial_Disk.uasset" 227
"../../../Engine/Content/Functions/Engine_MaterialFunctions01/Gradient/RadialGradient.uasset" 228
"../../../Engine/Content/VREditor/WorldMovementGrid/SimpleGrid.uasset" 229
"../../../Engine/Content/VREditor/WorldMovementGrid/GridMaterial.uasset" 230
"../../../Engine/Content/Functions/Engine_MaterialFunctions01/Density/ExponentialDensity.uasset" 231
"../../../Engine/Content/VREditor/WorldMovementGrid/GridPostProcess.uasset" 232
"../../../Engine/Content/EditorLandscapeResources/FlattenHeightMat.uasset" 233
"../../../Engine/Content/VREditor/WorldMovementGrid/PlaneMesh.uasset" 234
"../../../Engine/Plugins/2D/Paper2D/Content/PlaceholderTextures/DummySpriteTexture.uasset" 235
"../../../Engine/Plugins/2D/Paper2D/Content/DummySprite.uasset" 236
"../../../Engine/Plugins/2D/Paper2D/Content/DefaultPaperTerrainMaterial.uasset" 237
"../../../Engine/Plugins/2D/Paper2D/Content/DefaultSpriteMaterial.uasset" 238
"../../../Engine/Plugins/2D/Paper2D/Content/MaskedUnlitSpriteMaterial.uasset" 239
"../../../Engine/Plugins/2D/Paper2D/Content/OpaqueUnlitSpriteMaterial.uasset" 240
"../../../Engine/Plugins/Media/MediaCompositing/Content/DefaultMediaPlaneMaterial.uasset" 241
"../../../Engine/Content/Functions/Engine_MaterialFunctions01/Texturing/ScaleUVsByCenter.uasset" 242
"../../../Engine/Content/Functions/Engine_MaterialFunctions02/Utility/MakeFloat4.uasset" 243
"../../../Engine/Plugins/Runtime/AppleARKit/Content/ARKitCameraMaterial.uasset" 244
"../../../Engine/Plugins/Runtime/Oculus/OculusVR/Content/Textures/GearVRController_AO.uasset" 245
"../../../Engine/Plugins/Runtime/Oculus/OculusVR/Content/Textures/GearVRController_Color.uasset" 246
"../../../Engine/Plugins/Runtime/Oculus/OculusVR/Content/Textures/GearVRController_Normal.uasset" 247
"../../../Engine/Plugins/Runtime/Oculus/OculusVR/Content/Materials/GearVRControllerMaterial.uasset" 248
"../../../Engine/Plugins/Runtime/Oculus/OculusVR/Content/Meshes/GearVrController.uasset" 249
"../../../Engine/Content/EditorBlueprintResources/StandardMacros.uasset" 250
"../../../Engine/Content/EngineSky/C_Sky_Cloud_Color.uasset" 251
"../../../Engine/Content/EngineSky/C_Sky_Horizon_Color.uasset" 252
"../../../Engine/Content/EngineSky/C_Sky_Zenith_Color.uasset" 253
"../../../Engine/Content/EngineSky/T_Sky_Blue.uasset" 254
"../../../Engine/Content/EngineSky/T_Sky_Clouds_M.uasset" 255
"../../../Engine/Content/EngineSky/T_Sky_Stars.uasset" 256
"../../../Engine/Content/EngineSky/M_Sky_Panning_Clouds2.uasset" 257
"../../../Engine/Content/EngineSky/SM_SkySphere.uasset" 258
"../../../Engine/Content/EngineSky/BP_Sky_Sphere.uasset" 259
"../../../RViberoom/Content/BlueprintInterfaces/BPI_PC_PM.uasset" 260
"../../../RViberoom/Content/materials/M_Container.uasset" 261
"../../../Engine/Content/BasicShapes/Cube.uasset" 262
"../../../RViberoom/Content/BP_GreenBoard.uasset" 263
"../../../RViberoom/Content/materials/M_Ray.uasset" 264
"../../../RViberoom/Content/materials/MI_EIRay.uasset" 265
"../../../RViberoom/Content/UE4_Mannequin_Mobile/Materials/MaterialLayers/T_ML_Aluminum01.uasset" 266
"../../../RViberoom/Content/materials/M_GreenBoard.uasset" 267
"../../../RViberoom/Content/PlaneMirror/PlaneMirrorControls.uasset" 268
"../../../RViberoom/Content/PlaneMirror/MI_PMControls.uasset" 269
"../../../RViberoom/Content/PlayerCharacter/UI/crosshair.uasset" 270
"../../../RViberoom/Content/PlaneMirror/cursor.uasset" 271
"../../../RViberoom/Content/PlaneMirror/BP_PMControls.uasset" 272
"../../../RViberoom/Content/PlaneMirror/PlaneMirrorDesc.uasset" 273
"../../../RViberoom/Content/PlaneMirror/MI_PMDescription.uasset" 274
"../../../RViberoom/Content/PlaneMirror/BP_PMDescription.uasset" 275
"../../../Engine/Content/Functions/Engine_MaterialFunctions02/Fresnel_Function.uasset" 276
"../../../RViberoom/Content/materials/m_glass.uasset" 277
"../../../RViberoom/Content/materials/MI_ConcaveMirror.uasset" 278
"../../../RViberoom/Content/materials/MI_IRay.uasset" 279
"../../../RViberoom/Content/materials/MI_Normal.uasset" 280
"../../../RViberoom/Content/materials/MI_RRay.uasset" 281
"../../../RViberoom/Content/materials/MI_VirtualRays.uasset" 282
"../../../RViberoom/Content/ConcaveMirror/E_ConcaveMirrorCase.uasset" 283
"../../../Engine/Content/Functions/Engine_MaterialFunctions02/Utility/BlendAngleCorrectedNormals.uasset" 284
"../../../Engine/Content/Functions/MaterialLayerFunctions/MatLayerBlend_AO.uasset" 285
"../../../Engine/Content/Functions/MaterialLayerFunctions/MatLayerBlend_NormalBlend.uasset" 286
"../../../Engine/Content/Functions/MaterialLayerFunctions/MatLayerBlend_Simple.uasset" 287
"../../../RViberoom/Content/UE4_Mannequin_Mobile/Materials/MaterialLayers/T_ML_Rubber_Blue_01_D.uasset" 288
"../../../RViberoom/Content/UE4_Mannequin_Mobile/Materials/MaterialLayers/T_ML_Rubber_Blue_01_N.uasset" 289
"../../../RViberoom/Content/UE4_Mannequin_Mobile/Materials/MaterialLayers/ML_GlossyBlack_Latex_UE4.uasset" 290
"../../../RViberoom/Content/UE4_Mannequin_Mobile/Materials/MaterialLayers/ML_Plastic_Shiny_Beige.uasset" 291
"../../../RViberoom/Content/UE4_Mannequin_Mobile/Textures/UE4_LOGO_CARD.uasset" 292
"../../../RViberoom/Content/UE4_Mannequin_Mobile/Materials/MaterialLayers/ML_Plastic_Shiny_Beige_LOGO.uasset" 293
"../../../RViberoom/Content/UE4_Mannequin_Mobile/Materials/MaterialLayers/T_ML_Aluminum01_N.uasset" 294
"../../../RViberoom/Content/UE4_Mannequin_Mobile/Materials/MaterialLayers/ML_SoftMetal_UE4.uasset" 295
"../../../RViberoom/Content/UE4_Mannequin_Mobile/Textures/T_UE4_Mannequin_Mobile_M.uasset" 296
"../../../RViberoom/Content/UE4_Mannequin_Mobile/Textures/T_UE4_Mannequin_Mobile_N.uasset" 297
"../../../RViberoom/Content/UE4_Mannequin_Mobile/Textures/T_UE4_Mannequin_Mobile_O.uasset" 298
"../../../RViberoom/Content/UE4_Mannequin_Mobile/Materials/M_UE4Man_Body.uasset" 299
"../../../RViberoom/Content/UE4_Mannequin_Mobile/Textures/UE4Man_Logo_N.uasset" 300
"../../../RViberoom/Content/UE4_Mannequin_Mobile/Materials/M_UE4Man_ChestLogo.uasset" 301
"../../../RViberoom/Content/UE4_Mannequin_Mobile/Mesh/SK_Mannequin_Mobile_PhysicsAsset.uasset" 302
"../../../RViberoom/Content/UE4_Mannequin_Mobile/Mesh/SK_Mannequin_Mobile_Skeleton.uasset" 303
"../../../RViberoom/Content/UE4_Mannequin_Mobile/Mesh/SK_Mannequin_Mobile.uasset" 304
"../../../RViberoom/Content/ConcaveMirror/BP_ConcaveMirror.uasset" 305
"../../../RViberoom/Content/materials/M_mirror.uasset" 306
"../../../RViberoom/Content/materials/M_pointSource.uasset" 307
"../../../RViberoom/Content/fonts/StatsFont.uasset" 308
"../../../RViberoom/Content/PlaneMirror/UI_PlaneMirrorStats.uasset" 309
"../../../RViberoom/Content/PlaneMirror/BP_PlaneMirror.uasset" 310
"../../../RViberoom/Content/materials/MI_ERay.uasset" 311
"../../../RViberoom/Content/materials/MI_LD.uasset" 312
"../../../RViberoom/Content/Refraction/UI_RefractionStats.uasset" 313
"../../../RViberoom/Content/materials/M_MediumLabels.uasset" 314
"../../../RViberoom/Content/materials/MI_MediumLabels.uasset" 315
"../../../RViberoom/Content/staticMeshes/DenserMediumText.uasset" 316
"../../../RViberoom/Content/staticMeshes/EmergentRayText.uasset" 317
"../../../RViberoom/Content/staticMeshes/incidentRayText.uasset" 318
"../../../RViberoom/Content/staticMeshes/lateralDisplacementText.uasset" 319
"../../../RViberoom/Content/staticMeshes/lightSourceText.uasset" 320
"../../../RViberoom/Content/staticMeshes/RarerMediumText.uasset" 321
"../../../RViberoom/Content/staticMeshes/RefractedRayText.uasset" 322
"../../../RViberoom/Content/Refraction/BP_Refraction.uasset" 323
"../../../RViberoom/Content/totalInternalReflection/UI_TIRStats.uasset" 324
"../../../RViberoom/Content/staticMeshes/normaltext.uasset" 325
"../../../RViberoom/Content/staticMeshes/ReflectedRayText.uasset" 326
"../../../RViberoom/Content/totalInternalReflection/BP_TotalInternalReflection.uasset" 327
"../../../RViberoom/Content/CurrentLevel.uasset" 328
"../../../Engine/Content/Functions/Engine_MaterialFunctions02/Utility/Swizzle.uasset" 329
"../../../Engine/Content/Functions/Engine_MaterialFunctions02/Utility/VectorToRadialValue.uasset" 330
"../../../RViberoom/Content/PlayerCharacter/UI/M_UICircle.uasset" 331
"../../../RViberoom/Content/PlayerCharacter/UI/WB_tempFix.uasset" 332
"../../../RViberoom/Content/PlayerCharacter/PC_viberoom.uasset" 333
"../../../RViberoom/Content/PlayerCharacter/GM_Viberoom.uasset" 334
"../../../RViberoom/Content/TeleportObjects/BP_GoToConcaveMirror.uasset" 335
"../../../RViberoom/Content/TeleportObjects/BP_GoToP.uasset" 336
"../../../RViberoom/Content/TeleportObjects/BP_GoToRefraction.uasset" 337
"../../../RViberoom/Content/TeleportObjects/BP_GoToTIR.uasset" 338
"../../../RViberoom/Content/maps/BaseLevel_BuiltData.uasset" 339
"../../../RViberoom/Content/materials/M_Wall.uasset" 340
"../../../RViberoom/Content/textures/T_Wood_Floor_Walnut_D.uasset" 341
"../../../RViberoom/Content/textures/T_Wood_Floor_Walnut_M.uasset" 342
"../../../RViberoom/Content/textures/T_Wood_Floor_Walnut_N.uasset" 343
"../../../RViberoom/Content/materials/M_Wood_Floor_Walnut_Polished.uasset" 344
"../../../Engine/Content/MapTemplates/SM_Template_Map_Floor.uasset" 345
"../../../RViberoom/Content/maps/BaseLevel.umap" 346
"../../../RViberoom/Content/maps/testingLevel_BuiltData.uasset" 347
"../../../RViberoom/Content/maps/testingLevel.umap" 348
"../../../Engine/Content/Maps/Entry.umap" 349
