"../../../Engine/Content/EditorMaterials/Cross.uasset" 0
"../../../Engine/Content/EditorMaterials/Cross_Mat.uasset" 1
"../../../Engine/Content/EditorMaterials/GizmoMaterial.uasset" 2
"../../../Engine/Content/Functions/Engine_MaterialFunctions02/Utility/Sign.uasset" 3
"../../../Engine/Content/Functions/Engine_MaterialFunctions02/Utility/Round.uasset" 4
"../../../Engine/Content/Functions/Engine_MaterialFunctions02/ExampleContent/Textures/flipbook.uasset" 5
"../../../Engine/Content/Functions/Engine_MaterialFunctions02/Texturing/FlipBook.uasset" 6
"../../../Engine/Content/EditorResources/T_EditorHelp.uasset" 7
"../../../Engine/Content/EditorMaterials/HelpActorMaterial.uasset" 8
"../../../Engine/Content/EditorMaterials/CompositeARGBLayer.uasset" 9
"../../../Engine/Content/EditorMaterials/TilingAALineIntegral.uasset" 10
"../../../Engine/Content/EditorMaterials/TilingAALineBoxFiltered.uasset" 11
"../../../Engine/Content/Functions/Engine_MaterialFunctions03/Procedurals/ComputeFilterWidth.uasset" 12
"../../../Engine/Content/EditorMaterials/TilingAADots.uasset" 13
"../../../Engine/Content/EditorMaterials/Cascade/CASC_Cross.uasset" 14
"../../../Engine/Content/EditorMaterials/Cascade/CASC_None.uasset" 15
"../../../Engine/Content/Functions/Engine_MaterialFunctions03/Blends/Blend_Screen.uasset" 16
"../../../Engine/Content/EditorMaterials/TilingAAGrid.uasset" 17
"../../../Engine/Content/EditorMaterials/LevelGridMaterial.uasset" 18
"../../../Engine/Content/EditorMaterials/MakeCompositeARGBLayer.uasset" 19
"../../../Engine/Content/EditorResources/LevelGrid1DStripes.uasset" 20
"../../../Engine/Content/EditorMaterials/TextureGridCascaded1D.uasset" 21
"../../../Engine/Content/EditorMaterials/TextureGridCascaded2D.uasset" 22
"../../../Engine/Content/EditorMaterials/LevelGridMaterial2.uasset" 23
"../../../Engine/Content/EditorMaterials/MAT_Groups_Toggle.uasset" 24
"../../../Engine/Content/EditorMaterials/MAT_Groups_Visibility.uasset" 25
"../../../Engine/Content/EditorMaterials/AntialiasedGridFloor.uasset" 26
"../../../Engine/Content/EditorResources/TilePatine_D.uasset" 27
"../../../Engine/Content/EditorResources/TilePatine_N.uasset" 28
"../../../Engine/Content/EngineMaterials/Grid.uasset" 29
"../../../Engine/Content/EditorMaterials/PersonaFloorMat.uasset" 30
"../../../Engine/Content/EditorMaterials/PhAT_BoneSelectedMaterial.uasset" 31
"../../../Engine/Content/EditorMaterials/PhAT_ElemSelectedMaterial.uasset" 32
"../../../Engine/Content/EditorMaterials/PhAT_NoCollisionMaterial.uasset" 33
"../../../Engine/Content/EditorMaterials/PhAT_UnselectedMaterial.uasset" 34
"../../../Engine/Content/EditorMaterials/PreviewShadowIndicator.uasset" 35
"../../../Engine/Content/EditorMaterials/PreviewShadowIndicatorMaterial.uasset" 36
"../../../Engine/Content/EditorMaterials/TargetIcon.uasset" 37
"../../../Engine/Content/EditorMaterials/Tick.uasset" 38
"../../../Engine/Content/EditorMaterials/Tick_Mat.uasset" 39
"../../../Engine/Content/EditorMaterials/WidgetGridVertexColorMaterial.uasset" 40
"../../../Engine/Content/EditorMaterials/WidgetGridVertexColorMaterial_Ma.uasset" 41
"../../../Engine/Content/EditorMaterials/WidgetMaterial.uasset" 42
"../../../Engine/Content/EditorMaterials/WidgetMaterial_Current.uasset" 43
"../../../Engine/Content/EditorMaterials/WidgetMaterial_X.uasset" 44
"../../../Engine/Content/EditorMaterials/WidgetMaterial_Y.uasset" 45
"../../../Engine/Content/EditorMaterials/WidgetMaterial_Z.uasset" 46
"../../../Engine/Content/EditorMaterials/WidgetVertexColorMaterial.uasset" 47
"../../../Engine/Content/EditorMaterials/MatineeGroups/MAT_ColorTrack.uasset" 48
"../../../Engine/Content/EditorMaterials/MatineeGroups/MAT_Groups_Anim.uasset" 49
"../../../Engine/Content/EditorMaterials/MatineeGroups/MAT_Groups_AudioMaster.uasset" 50
"../../../Engine/Content/EditorMaterials/MatineeGroups/MAT_Groups_Director.uasset" 51
"../../../Engine/Content/EditorMaterials/MatineeGroups/MAT_Groups_Event.uasset" 52
"../../../Engine/Content/EditorMaterials/MatineeGroups/MAT_Groups_Fade.uasset" 53
"../../../Engine/Content/EditorMaterials/MatineeGroups/MAT_Groups_Float.uasset" 54
"../../../Engine/Content/EditorMaterials/MatineeGroups/MAT_Groups_Move.uasset" 55
"../../../Engine/Content/EditorMaterials/MatineeGroups/MAT_Groups_Slomo.uasset" 56
"../../../Engine/Content/EditorMaterials/MatineeGroups/MAT_Groups_Sound.uasset" 57
"../../../Engine/Content/EditorMaterials/MatineeGroups/MAT_Groups_Vector.uasset" 58
"../../../Engine/Content/EditorMaterials/ParticleSystems/PSysThumbnail_NoImage.uasset" 59
"../../../Engine/Content/EditorMaterials/ParticleSystems/PSysThumbnail_OOD.uasset" 60
"../../../Engine/Content/EditorMaterials/Thumbnails/FloorPlaneMaterial.uasset" 61
"../../../Engine/Content/EditorMeshes/EditorCube.uasset" 62
"../../../Engine/Content/EditorMeshes/EditorCylinder.uasset" 63
"../../../Engine/Content/EditorMeshes/EditorPlane.uasset" 64
"../../../Engine/Content/EditorMaterials/Thumbnails/SkySphereMaterial.uasset" 65
"../../../Engine/Content/EditorMeshes/EditorSkySphere.uasset" 66
"../../../Engine/Content/EditorMeshes/EditorSphere.uasset" 67
"../../../Engine/Content/EditorResources/MatineeCam_D.uasset" 68
"../../../Engine/Content/EditorMaterials/MatineeCam_mat.uasset" 69
"../../../Engine/Content/EditorMeshes/MatineeCam_SM.uasset" 70
"../../../Engine/Content/Functions/Engine_MaterialFunctions01/Shading/ConvertFromDiffSpec.uasset" 71
"../../../Engine/Content/EditorMaterials/GridMaterial.uasset" 72
"../../../Engine/Content/EditorMeshes/PhAT_FloorBox.uasset" 73
"../../../Engine/Content/EditorMaterials/Camera/CineMat.uasset" 74
"../../../Engine/Content/EditorMaterials/Camera/MI_CineMat_CameraBody.uasset" 75
"../../../Engine/Content/EngineDebugMaterials/M_SimpleOpaque.uasset" 76
"../../../Engine/Content/EditorMaterials/Camera/MI_CineMat_CamViewFinder.uasset" 77
"../../../Engine/Content/EditorMeshes/Camera/SM_CineCam.uasset" 78
"../../../Engine/Content/EditorMaterials/Camera/MI_CineMat_Rig.uasset" 79
"../../../Engine/Content/EditorMeshes/Camera/SM_CraneRig_Arm.uasset" 80
"../../../Engine/Content/EditorMeshes/Camera/SM_CraneRig_Base.uasset" 81
"../../../Engine/Content/EditorMeshes/Camera/SM_CraneRig_Body.uasset" 82
"../../../Engine/Content/EditorMeshes/Camera/SM_CraneRig_Mount.uasset" 83
"../../../Engine/Content/EditorMeshes/Camera/SM_RailRig_Mount.uasset" 84
"../../../Engine/Content/EditorMeshes/Camera/SM_RailRig_Track.uasset" 85
"../../../Engine/Content/EditorMeshes/ColorCalibrator/M_ChromeBall.uasset" 86
"../../../Engine/Content/EditorMeshes/ColorCalibrator/M_ClearCoat.uasset" 87
"../../../Engine/Content/EditorMeshes/ColorCalibrator/M_ClearCoatBlack.uasset" 88
"../../../Engine/Content/EditorMeshes/ColorCalibrator/Color_checker.uasset" 89
"../../../Engine/Content/EditorMeshes/ColorCalibrator/M_ColorGrid.uasset" 90
"../../../Engine/Content/EditorMeshes/ColorCalibrator/M_GreyBall.uasset" 91
"../../../Engine/Content/EditorMeshes/ColorCalibrator/SM_ColorCalibrator.uasset" 92
"../../../Engine/Content/EditorResources/Bad.uasset" 93
"../../../Engine/Content/EditorResources/BSPVertex.uasset" 94
"../../../Engine/Content/EditorResources/EmptyActor.uasset" 95
"../../../Engine/Content/EditorResources/MatInstActSprite.uasset" 96
"../../../Engine/Content/EditorResources/SceneManager.uasset" 97
"../../../Engine/Content/EditorResources/SmallFont.uasset" 98
"../../../Engine/Content/EditorResources/S_Actor.uasset" 99
"../../../Engine/Content/EditorResources/S_DecalActorIcon.uasset" 100
"../../../Engine/Content/EditorResources/S_Emitter.uasset" 101
"../../../Engine/Content/EditorResources/S_ExpoHeightFog.uasset" 102
"../../../Engine/Content/EditorResources/S_FTest.uasset" 103
"../../../Engine/Content/EditorResources/S_KBSJoint.uasset" 104
"../../../Engine/Content/EditorResources/S_KHinge.uasset" 105
"../../../Engine/Content/EditorResources/S_KPrismatic.uasset" 106
"../../../Engine/Content/EditorResources/S_LevelSequence.uasset" 107
"../../../Engine/Content/EditorResources/S_NavP.uasset" 108
"../../../Engine/Content/EditorResources/S_Note.uasset" 109
"../../../Engine/Content/EditorResources/S_Player.uasset" 110
"../../../Engine/Content/EditorResources/S_PortalActorIcon2.uasset" 111
"../../../Engine/Content/EditorResources/S_RadForce.uasset" 112
"../../../Engine/Content/EditorResources/S_ReflActorIcon.uasset" 113
"../../../Engine/Content/EditorResources/S_Terrain.uasset" 114
"../../../Engine/Content/EditorResources/S_TextRenderActorIcon.uasset" 115
"../../../Engine/Content/EditorResources/S_Thruster.uasset" 116
"../../../Engine/Content/EditorResources/S_Trigger.uasset" 117
"../../../Engine/Content/EditorResources/S_VectorFieldVol.uasset" 118
"../../../Engine/Content/EditorResources/S_WindDirectional.uasset" 119
"../../../Engine/Content/EditorResources/AI/S_NavLink.uasset" 120
"../../../Engine/Content/EditorResources/AudioIcons/S_AudioComponent_AutoActivate.uasset" 121
"../../../Engine/Content/EditorResources/LightIcons/SkyLight.uasset" 122
"../../../Engine/Content/EditorResources/LightIcons/S_LightDirectional.uasset" 123
"../../../Engine/Content/EditorResources/LightIcons/S_LightDirectionalMove.uasset" 124
"../../../Engine/Content/EditorResources/LightIcons/S_LightError.uasset" 125
"../../../Engine/Content/EditorResources/LightIcons/S_LightPoint.uasset" 126
"../../../Engine/Content/EditorResources/LightIcons/S_LightPointMove.uasset" 127
"../../../Engine/Content/EditorResources/LightIcons/S_LightSpot.uasset" 128
"../../../Engine/Content/EditorResources/LightIcons/S_LightSpotMove.uasset" 129
"../../../Engine/Content/EditorResources/SequenceRecorder/Countdown.uasset" 130
"../../../Engine/Content/EditorResources/SequenceRecorder/RecordingIndicator.uasset" 131
"../../../Engine/Content/EditorResources/Spline/T_Loft_Spline.uasset" 132
"../../../Engine/Content/EditorSounds/Notifications/CompileFailed.uasset" 133
"../../../Engine/Content/EditorSounds/Notifications/CompileFailed_Cue.uasset" 134
"../../../Engine/Content/EditorSounds/Notifications/CompileSuccess.uasset" 135
"../../../Engine/Content/EditorSounds/Notifications/CompileStart_Cue.uasset" 136
"../../../Engine/Content/EditorSounds/Notifications/CompileSuccess_Cue.uasset" 137
"../../../Engine/Content/EngineDamageTypes/DmgTypeBP_Environmental.uasset" 138
"../../../Engine/Content/EngineDebugMaterials/HeatmapGradient.uasset" 139
"../../../Engine/Content/EngineDebugMaterials/BoneWeightMaterial.uasset" 140
"../../../Engine/Content/EngineDebugMaterials/ClothMaterial.uasset" 141
"../../../Engine/Content/EngineDebugMaterials/ClothMaterial_WF.uasset" 142
"../../../Engine/Content/EngineDebugMaterials/DebugEditorMaterial.uasset" 143
"../../../Engine/Content/EngineDebugMaterials/DebugMeshMaterial.uasset" 144
"../../../Engine/Content/EngineDebugMaterials/GeomMaterial.uasset" 145
"../../../Engine/Content/EngineDebugMaterials/LevelColorationLitMaterial.uasset" 146
"../../../Engine/Content/EngineDebugMaterials/LevelColorationUnlitMaterial.uasset" 147
"../../../Engine/Content/EngineMaterials/DefaultWhiteGrid.uasset" 148
"../../../Engine/Content/EngineDebugMaterials/MAT_LevelColorationLitLightmapUV.uasset" 149
"../../../Engine/Content/EngineDebugMaterials/M_SimpleTranslucent.uasset" 150
"../../../Engine/Content/EngineDebugMaterials/ShadedLevelColorationLitMaterial.uasset" 151
"../../../Engine/Content/EngineDebugMaterials/ShadedLevelColorationUnlitMateri.uasset" 152
"../../../Engine/Content/EngineDebugMaterials/VertexColorMaterial.uasset" 153
"../../../Engine/Content/EngineDebugMaterials/VertexColorViewMode_AlphaAsColor.uasset" 154
"../../../Engine/Content/EngineDebugMaterials/VertexColorViewMode_BlueOnly.uasset" 155
"../../../Engine/Content/EngineDebugMaterials/VertexColorViewMode_ColorOnly.uasset" 156
"../../../Engine/Content/EngineDebugMaterials/VertexColorViewMode_GreenOnly.uasset" 157
"../../../Engine/Content/EngineDebugMaterials/VertexColorViewMode_RedOnly.uasset" 158
"../../../Engine/Content/EngineDebugMaterials/WireframeMaterial.uasset" 159
"../../../Engine/Content/EngineFonts/Faces/RobotoBold.uasset" 160
"../../../Engine/Content/EngineFonts/Faces/RobotoBoldItalic.uasset" 161
"../../../Engine/Content/EngineFonts/Faces/RobotoItalic.uasset" 162
"../../../Engine/Content/EngineFonts/Faces/RobotoLight.uasset" 163
"../../../Engine/Content/EngineFonts/Faces/RobotoRegular.uasset" 164
"../../../Engine/Content/EngineFonts/Roboto.uasset" 165
"../../../Engine/Content/EngineFonts/Faces/RobotoTiny.uasset" 166
"../../../Engine/Content/EngineFonts/RobotoTiny.uasset" 167
"../../../Engine/Content/EngineFonts/SmallFont.uasset" 168
"../../../Engine/Content/EngineFonts/TinyFont.uasset" 169
"../../../Engine/Content/EngineResources/WhiteSquareTexture.uasset" 170
"../../../Engine/Content/EngineMaterials/BlinkingCaret.uasset" 171
"../../../Engine/Content/EngineMaterials/DefaultBloomKernel.uasset" 172
"../../../Engine/Content/EngineMaterials/DefaultBokeh.uasset" 173
"../../../Engine/Content/EngineMaterials/DefaultDiffuse.uasset" 174
"../../../Engine/Content/EngineMaterials/DefaultDeferredDecalMaterial.uasset" 175
"../../../Engine/Content/EngineMaterials/DefaultLightFunctionMaterial.uasset" 176
"../../../Engine/Content/EngineMaterials/DefaultNormal.uasset" 177
"../../../Engine/Content/Functions/Engine_MaterialFunctions02/Utility/BreakOutFloat2Components.uasset" 178
"../../../Engine/Content/EngineMaterials/DefaultPostProcessMaterial.uasset" 179
"../../../Engine/Content/EngineFonts/RobotoDistanceField.uasset" 180
"../../../Engine/Content/EngineMaterials/DefaultTextMaterialOpaque.uasset" 181
"../../../Engine/Content/EngineMaterials/EditorBrushMaterial.uasset" 182
"../../../Engine/Content/EngineMaterials/Good64x64TilingNoiseHighFreq.uasset" 183
"../../../Engine/Content/EngineMaterials/Grid_N.uasset" 184
"../../../Engine/Content/EngineMaterials/HighResolutionScreenshotMaskFunction.uasset" 185
"../../../Engine/Content/EngineMaterials/HighResScreenshot.uasset" 186
"../../../Engine/Content/EngineMaterials/HighResScreenshotCaptureRegion.uasset" 187
"../../../Engine/Content/EngineMaterials/HighResScreenshotMask.uasset" 188
"../../../Engine/Content/EngineMaterials/LandscapeHolePhysicalMaterial.uasset" 189
"../../../Engine/Content/EngineMaterials/InvalidLightmapSettings.uasset" 190
"../../../Engine/Content/EngineMaterials/M_InvalidLightmapSettings.uasset" 191
"../../../Engine/Content/EngineMaterials/PaperDiffuse.uasset" 192
"../../../Engine/Content/EngineMaterials/PaperNormal.uasset" 193
"../../../Engine/Content/Functions/Engine_MaterialFunctions02/WorldPositionOffset/CameraOffset.uasset" 194
"../../../Engine/Content/EngineMaterials/PhAT_JointLimitMaterial.uasset" 195
"../../../Engine/Content/EngineMaterials/PhysMat_Rubber.uasset" 196
"../../../Engine/Content/EngineMaterials/PreintegratedSkinBRDF.uasset" 197
"../../../Engine/Content/EngineMaterials/RemoveSurfaceMaterial.uasset" 198
"../../../Engine/Content/EngineMaterials/WeightMapPlaceholderTexture.uasset" 199
"../../../Engine/Content/EngineMaterials/Widget3DPassThrough.uasset" 200
"../../../Engine/Content/EngineMaterials/Widget3DPassThrough_Masked.uasset" 201
"../../../Engine/Content/EngineMaterials/Widget3DPassThrough_Opaque.uasset" 202
"../../../Engine/Content/EngineMaterials/Widget3DPassThrough_Masked_OneSided.uasset" 203
"../../../Engine/Content/EngineMaterials/Widget3DPassThrough_Opaque_OneSided.uasset" 204
"../../../Engine/Content/EngineMaterials/Widget3DPassThrough_Translucent.uasset" 205
"../../../Engine/Content/EngineMaterials/Widget3DPassThrough_Translucent_OneSided.uasset" 206
"../../../Engine/Content/Functions/Engine_MaterialFunctions01/Opacity/CameraDepthFade.uasset" 207
"../../../Engine/Content/EngineMaterials/T_Default_Material_Grid_M.uasset" 208
"../../../Engine/Content/EngineMaterials/T_Default_Material_Grid_N.uasset" 209
"../../../Engine/Content/EngineMaterials/DefaultMaterial.uasset" 210
"../../../Engine/Content/EngineMeshes/Cube.uasset" 211
"../../../Engine/Content/EngineMeshes/Cylinder.uasset" 212
"../../../Engine/Content/EngineMeshes/Sphere.uasset" 213
"../../../Engine/Content/EngineResources/Black.uasset" 214
"../../../Engine/Content/EngineResources/DefaultTexture.uasset" 215
"../../../Engine/Content/EngineResources/DefaultTextureCube.uasset" 216
"../../../Engine/Content/EngineResources/GradientTexture0.uasset" 217
"../../../Engine/Content/EngineResources/StreamingPauseIcon.uasset" 218
"../../../Engine/Content/EngineResources/M_StreamingPause.uasset" 219
"../../../Engine/Content/EngineSounds/Master.uasset" 220
"../../../Engine/Content/Functions/Engine_MaterialFunctions01/Shading/PowerToRoughness.uasset" 221
"../../../Engine/Content/Maps/Templates/Thumbnails/Default.uasset" 222
"../../../Engine/Content/Maps/Templates/Thumbnails/VR-Basic.uasset" 223
"../../../Engine/Content/MapTemplates/Sky/DaylightAmbientCubemap.uasset" 224
"../../../Engine/Content/MobileResources/T_MobileControls_texture.uasset" 225
"../../../Engine/Content/MobileResources/T_MobileMenu2.uasset" 226
"../../../Engine/Content/MobileResources/HUD/AnalogHat.uasset" 227
"../../../Engine/Content/MobileResources/HUD/VirtualJoystick_Background.uasset" 228
"../../../Engine/Content/MobileResources/HUD/VirtualJoystick_Thumb.uasset" 229
"../../../Engine/Content/MobileResources/HUD/DefaultVirtualJoysticks.uasset" 230
"../../../Engine/Content/MobileResources/HUD/LeftVirtualJoystickOnly.uasset" 231
"../../../Engine/Content/MobileResources/HUD/MobileHUDButton1_off.uasset" 232
"../../../Engine/Content/MobileResources/HUD/MobileHUDButton1_on.uasset" 233
"../../../Engine/Content/MobileResources/HUD/MobileHUDButton2_off.uasset" 234
"../../../Engine/Content/MobileResources/HUD/MobileHUDButton2_on.uasset" 235
"../../../Engine/Content/MobileResources/HUD/MobileHUDButton3.uasset" 236
"../../../Engine/Content/MobileResources/HUD/MobileHUDButtonFire.uasset" 237
"../../../Engine/Content/MobileResources/HUD/MobileHUDDirectionPad.uasset" 238
"../../../Engine/Content/MobileResources/HUD/MobileHUDDirectionPad2.uasset" 239
"../../../Engine/Content/MobileResources/HUD/MobileHUDDirectionPad3.uasset" 240
"../../../Engine/Content/MobileResources/HUD/MobileHUDDirectionStick.uasset" 241
"../../../Engine/Content/MobileResources/HUD/T_Castle_ThumbstickInner.uasset" 242
"../../../Engine/Content/MobileResources/HUD/T_Castle_ThumbstickOutter.uasset" 243
"../../../Engine/Content/Tutorial/ContentIntroCurve.uasset" 244
"../../../Engine/Content/Tutorial/Basics/TutorialAssets/icon_tab_Levels_40x.uasset" 245
"../../../Engine/Content/Tutorial/BlueprintTutorials/TutorialAssets/BlueprintInterface_64x.uasset" 246
"../../../Engine/Content/Tutorial/BlueprintTutorials/TutorialAssets/BlueprintMacroLibrary_64x.uasset" 247
"../../../Engine/Content/Tutorial/BlueprintTutorials/TutorialAssets/Blueprint_64x.uasset" 248
"../../../Engine/Content/Tutorial/BlueprintTutorials/TutorialAssets/Tutorial_BP_Interface.uasset" 249
"../../../Engine/Content/Tutorial/Foliage/TutorialAssets/Foliage.uasset" 250
"../../../Engine/Content/Tutorial/Landscape/TutorialAssets/Landscape.uasset" 251
"../../../Engine/Content/Tutorial/Mobile/TutorialAssets/android_Icon.uasset" 252
"../../../Engine/Content/Tutorial/Paper2D/TutorialAssets/Paper2DFlipbook_TutorialIcon.uasset" 253
"../../../Engine/Content/Tutorial/Paper2D/TutorialAssets/Paper2DSprite_TutorialIcon.uasset" 254
"../../../Engine/Content/Tutorial/SubEditors/TutorialAssets/icon_Editor_Preferences_General_40x.uasset" 255
"../../../Engine/Content/Tutorial/SubEditors/TutorialAssets/icon_ShowSkeletalMeshes_40x.uasset" 256
"../../../Engine/Content/Tutorial/SubEditors/TutorialAssets/TutorialMaterial.uasset" 257
"../../../Engine/Content/Tutorial/SubEditors/TutorialAssets/T_SmokeSubUV_8X8.uasset" 258
"../../../Engine/Content/Tutorial/SubEditors/TutorialAssets/T_soft_smoke.uasset" 259
"../../../Engine/Content/Tutorial/SubEditors/TutorialAssets/M_smoke_subUV_blackbody.uasset" 260
"../../../Engine/Content/Tutorial/SubEditors/TutorialAssets/TutorialParticleSystem.uasset" 261
"../../../Engine/Content/VREditor/Devices/Generic/GenericHMDMaterial.uasset" 262
"../../../Engine/Content/VREditor/Devices/Generic/GenericHMD.uasset" 263
"../../../Engine/Content/VREditor/FloatingText/LineMaterial.uasset" 264
"../../../Engine/Content/VREditor/FloatingText/JointSphere.uasset" 265
"../../../Engine/Content/VREditor/FloatingText/LineSegmentCylinder.uasset" 266
"../../../Engine/Content/VREditor/Fonts/VRText_RobotoLarge.uasset" 267
"../../../Engine/Content/VREditor/Fonts/VRTextMaterial.uasset" 268
"../../../Engine/Content/VREditor/Fonts/TranslucentVRTextMaterial.uasset" 269
"../../../Engine/Content/EngineMaterials/WorldGridMaterial.uasset" 270
"../../../Engine/Content/VREditor/LaserPointer/CursorPointer.uasset" 271
"../../../Engine/Content/VREditor/LaserPointer/VR_LaserPower_01.uasset" 272
"../../../Engine/Content/VREditor/TransformGizmo/TransformGizmoMaterial.uasset" 273
"../../../Engine/Content/VREditor/LaserPointer/HoverMaterial.uasset" 274
"../../../Engine/Content/VREditor/TransformGizmo/TranslucentTransformGizmoMaterial.uasset" 275
"../../../Engine/Content/VREditor/LaserPointer/TranslucentHoverMaterial.uasset" 276
"../../../Engine/Content/VREditor/LaserPointer/HoverMesh.uasset" 277
"../../../Engine/Content/VREditor/LaserPointer/LaserPointerMaterial.uasset" 278
"../../../Engine/Content/VREditor/LaserPointer/LaserPointerMaterialInst.uasset" 279
"../../../Engine/Content/VREditor/LaserPointer/TranslucentLaserPointerMaterialInst.uasset" 280
"../../../Engine/Content/VREditor/LaserPointer/LaserPointerMesh.uasset" 281
"../../../Engine/Content/VREditor/LaserPointer/LaserPointerMesh_End.uasset" 282
"../../../Engine/Content/VREditor/LaserPointer/LaserPointerMesh_Start.uasset" 283
"../../../Engine/Content/Functions/Engine_MaterialFunctions02/Utility/BreakOutFloat3Components.uasset" 284
"../../../Engine/Content/Functions/Engine_MaterialFunctions02/Math/Transform3x3Matrix.uasset" 285
"../../../Engine/Content/Functions/Engine_MaterialFunctions02/SplitComponents.uasset" 286
"../../../Engine/Content/Functions/Engine_MaterialFunctions02/Utility/MakeFloat3.uasset" 287
"../../../Engine/Content/VREditor/SnapGrid/SnapGridMaterial.uasset" 288
"../../../Engine/Content/VREditor/SnapGrid/SnapGridPlaneMesh.uasset" 289
"../../../Engine/Content/VREditor/Sounds/VR_teleport.uasset" 290
"../../../Engine/Content/VREditor/Sounds/UI/Click_on_Button_Cue.uasset" 291
"../../../Engine/Content/VREditor/Sounds/UI/Dockable_Window_Close.uasset" 292
"../../../Engine/Content/VREditor/Sounds/UI/Dockable_Window_Drop.uasset" 293
"../../../Engine/Content/VREditor/Sounds/UI/Dockable_Window_Open.uasset" 294
"../../../Engine/Content/VREditor/Sounds/UI/Dockable_Window_Pick_Up.uasset" 295
"../../../Engine/Content/VREditor/Sounds/UI/Drop_Item_From_ContentBrowser.uasset" 296
"../../../Engine/Content/VREditor/Sounds/UI/Floating_UI_Open-001.uasset" 297
"../../../Engine/Content/VREditor/Sounds/UI/Gizmo_Handle_Clicked.uasset" 298
"../../../Engine/Content/VREditor/Sounds/UI/Object_PickUp.uasset" 299
"../../../Engine/Content/VREditor/Sounds/UI/Object_Snaps_To_Another_Actor.uasset" 300
"../../../Engine/Content/VREditor/Sounds/UI/Object_Snaps_To_Grid.uasset" 301
"../../../Engine/Content/VREditor/Sounds/UI/Radial_Menu_FadeOut.uasset" 302
"../../../Engine/Content/VREditor/Sounds/UI/Scaling_Down.uasset" 303
"../../../Engine/Content/VREditor/Sounds/UI/Scaling_Up.uasset" 304
"../../../Engine/Content/VREditor/Sounds/UI/Selection_Changes.uasset" 305
"../../../Engine/Content/VREditor/Sounds/UI/Teleport_Mode_Entered.uasset" 306
"../../../Engine/Content/VREditor/Teleport/TeleportDirectionMaterial.uasset" 307
"../../../Engine/Content/VREditor/Teleport/TeleportDirectionMaterial_Inst.uasset" 308
"../../../Engine/Content/VREditor/Teleport/TeleportDirectionMesh.uasset" 309
"../../../Engine/Content/VREditor/TransformGizmo/BoundingBoxCorner.uasset" 310
"../../../Engine/Content/VREditor/TransformGizmo/BoundingBoxEdge.uasset" 311
"../../../Engine/Content/VREditor/TransformGizmo/PlaneTranslationHandle.uasset" 312
"../../../Engine/Content/VREditor/TransformGizmo/RotationHandleFull.uasset" 313
"../../../Engine/Content/VREditor/TransformGizmo/RotationHandleIndicator.uasset" 314
"../../../Engine/Content/VREditor/TransformGizmo/RotationHandleQuarter.uasset" 315
"../../../Engine/Content/VREditor/TransformGizmo/Main.uasset" 316
"../../../Engine/Content/VREditor/TransformGizmo/Xray.uasset" 317
"../../../Engine/Content/VREditor/TransformGizmo/SM_Dialog_Close.uasset" 318
"../../../Engine/Content/VREditor/TransformGizmo/SM_Dialog_Move.uasset" 319
"../../../Engine/Content/VREditor/TransformGizmo/SM_Sequencer_Key.uasset" 320
"../../../Engine/Content/VREditor/TransformGizmo/SM_Sequencer_Node.uasset" 321
"../../../Engine/Content/VREditor/TransformGizmo/StartRotationHandleIndicator.uasset" 322
"../../../Engine/Content/VREditor/TransformGizmo/TranslucentTransformGizmoMaterial_Inst.uasset" 323
"../../../Engine/Content/VREditor/TransformGizmo/TransformGizmoFreeRotation.uasset" 324
"../../../Engine/Content/VREditor/TransformGizmo/TransformGizmoMaterial_Inst.uasset" 325
"../../../Engine/Content/VREditor/TransformGizmo/TranslateArrowHandle.uasset" 326
"../../../Engine/Content/VREditor/TransformGizmo/UniformScaleHandle.uasset" 327
"../../../Engine/Content/VREditor/UI/KeyDiskMaterial.uasset" 328
"../../../Engine/Content/VREditor/UI/DiscMaterial.uasset" 329
"../../../Engine/Content/VREditor/UI/SM_Radial_Disk.uasset" 330
"../../../Engine/Content/Functions/Engine_MaterialFunctions01/Gradient/RadialGradient.uasset" 331
"../../../Engine/Content/VREditor/WorldMovementGrid/SimpleGrid.uasset" 332
"../../../Engine/Content/VREditor/WorldMovementGrid/GridMaterial.uasset" 333
"../../../Engine/Content/Functions/Engine_MaterialFunctions01/Density/ExponentialDensity.uasset" 334
"../../../Engine/Content/VREditor/WorldMovementGrid/GridPostProcess.uasset" 335
"../../../Engine/Content/EditorLandscapeResources/FlattenHeightMat.uasset" 336
"../../../Engine/Content/VREditor/WorldMovementGrid/PlaneMesh.uasset" 337
"../../../Engine/Content/ArtTools/RenderToTexture/Enums/RenderToTexture_Enum.uasset" 338
"../../../Engine/Content/ArtTools/RenderToTexture/Enums/RenderToTexture_Flipbook_Enum.uasset" 339
"../../../Engine/Content/ArtTools/RenderToTexture/Enums/RenderToTexture_Imposter_Enum.uasset" 340
"../../../Engine/Content/EditorBlueprintResources/StandardMacros.uasset" 341
"../../../Engine/Content/ArtTools/RenderToTexture/Enums/EIntTypes.uasset" 342
"../../../Engine/Content/ArtTools/RenderToTexture/Macros/RenderToTextureFunctionLibrary.uasset" 343
"../../../Engine/Content/ArtTools/RenderToTexture/Enums/EFloatTypes.uasset" 344
"../../../Engine/Content/ArtTools/RenderToTexture/Macros/RenderToTextureMacros.uasset" 345
"../../../Engine/Content/ArtTools/RenderToTexture/Meshes/S_1_Unit_Plane.uasset" 346
"../../../Engine/Content/BasicShapes/BasicShapeMaterial.uasset" 347
"../../../Engine/Content/BasicShapes/Cylinder.uasset" 348
"../../../Engine/Content/EngineMaterials/DefaultPhysicalMaterial.uasset" 349
"../../../Engine/Content/BufferVisualization/AmbientOcclusion.uasset" 350
"../../../Engine/Content/BufferVisualization/BaseColor.uasset" 351
"../../../Engine/Content/BufferVisualization/CustomDepth.uasset" 352
"../../../Engine/Content/Functions/Engine_MaterialFunctions02/Utility/VectorLength.uasset" 353
"../../../Engine/Content/BufferVisualization/CustomDepthWorldUnits.uasset" 354
"../../../Engine/Content/Functions/Engine_MaterialFunctions01/Texturing/ScaleUVsByCenter.uasset" 355
"../../../Engine/Content/Functions/Engine_MaterialFunctions02/ScreenResolution.uasset" 356
"../../../Engine/Content/Functions/Engine_MaterialFunctions02/Texturing/ScreenAlignedUVs.uasset" 357
"../../../Engine/Content/Functions/Engine_MaterialFunctions02/Utility/MakeFloat2.uasset" 358
"../../../Engine/Content/EngineMaterials/MiniFont.uasset" 359
"../../../Engine/Content/BufferVisualization/CustomStencil.uasset" 360
"../../../Engine/Content/BufferVisualization/FinalImage.uasset" 361
"../../../Engine/Content/BufferVisualization/LightingModel.uasset" 362
"../../../Engine/Content/BufferVisualization/MaterialAO.uasset" 363
"../../../Engine/Content/BufferVisualization/Metallic.uasset" 364
"../../../Engine/Content/BufferVisualization/Opacity.uasset" 365
"../../../Engine/Content/BufferVisualization/PostTonemapHDRColor.uasset" 366
"../../../Engine/Content/BufferVisualization/PreTonemapHDRColor.uasset" 367
"../../../Engine/Content/BufferVisualization/Roughness.uasset" 368
"../../../Engine/Content/BufferVisualization/SceneColor.uasset" 369
"../../../Engine/Content/BufferVisualization/SceneDepth.uasset" 370
"../../../Engine/Content/BufferVisualization/SceneDepthWorldUnits.uasset" 371
"../../../Engine/Content/BufferVisualization/SeparateTranslucencyA.uasset" 372
"../../../Engine/Content/BufferVisualization/SeparateTranslucencyRGB.uasset" 373
"../../../Engine/Content/BufferVisualization/Specular.uasset" 374
"../../../Engine/Content/BufferVisualization/SubsurfaceColor.uasset" 375
"../../../Engine/Content/BufferVisualization/WorldNormal.uasset" 376
"../../../Engine/Content/EditorBlueprintResources/ActorMacros.uasset" 377
"../../../Engine/Content/EditorLandscapeResources/DataLayer.uasset" 378
"../../../Engine/Content/EditorLandscapeResources/DefaultAlphaTexture.uasset" 379
"../../../Engine/Content/EditorLandscapeResources/LandscapeGizmoHeight_Mat.uasset" 380
"../../../Engine/Content/EditorLandscapeResources/LandscapeGizmo_Mat.uasset" 381
"../../../Engine/Content/EditorLandscapeResources/LandscapeGizmo_Mat_Copied.uasset" 382
"../../../Engine/Content/EditorLandscapeResources/SplineEditorMeshMat.uasset" 383
"../../../Engine/Content/EditorLandscapeResources/SplineEditorMesh.uasset" 384
"../../../Engine/Plugins/2D/Paper2D/Content/PlaceholderTextures/DummySpriteTexture.uasset" 385
"../../../Engine/Plugins/2D/Paper2D/Content/DummySprite.uasset" 386
"../../../Engine/Plugins/2D/Paper2D/Content/DefaultPaperTerrainMaterial.uasset" 387
"../../../Engine/Plugins/2D/Paper2D/Content/DefaultSpriteMaterial.uasset" 388
"../../../Engine/Plugins/2D/Paper2D/Content/MaskedUnlitSpriteMaterial.uasset" 389
"../../../Engine/Plugins/2D/Paper2D/Content/OpaqueUnlitSpriteMaterial.uasset" 390
"../../../Engine/Plugins/Media/MediaCompositing/Content/DefaultMediaPlaneMaterial.uasset" 391
"../../../Engine/Content/Functions/Engine_MaterialFunctions02/Utility/MakeFloat4.uasset" 392
"../../../Engine/Plugins/Runtime/AppleARKit/Content/ARKitCameraMaterial.uasset" 393
"../../../Engine/Plugins/Runtime/Oculus/OculusVR/Content/Textures/GearVRController_AO.uasset" 394
"../../../Engine/Plugins/Runtime/Oculus/OculusVR/Content/Textures/GearVRController_Color.uasset" 395
"../../../Engine/Plugins/Runtime/Oculus/OculusVR/Content/Textures/GearVRController_Normal.uasset" 396
"../../../Engine/Plugins/Runtime/Oculus/OculusVR/Content/Materials/GearVRControllerMaterial.uasset" 397
"../../../Engine/Plugins/Runtime/Oculus/OculusVR/Content/Meshes/GearVrController.uasset" 398
"../../../Engine/Content/EngineSky/C_Sky_Cloud_Color.uasset" 399
"../../../Engine/Content/EngineSky/C_Sky_Horizon_Color.uasset" 400
"../../../Engine/Content/EngineSky/C_Sky_Zenith_Color.uasset" 401
"../../../Engine/Content/EngineSky/T_Sky_Blue.uasset" 402
"../../../Engine/Content/EngineSky/T_Sky_Clouds_M.uasset" 403
"../../../Engine/Content/EngineSky/T_Sky_Stars.uasset" 404
"../../../Engine/Content/EngineSky/M_Sky_Panning_Clouds2.uasset" 405
"../../../Engine/Content/EngineSky/SM_SkySphere.uasset" 406
"../../../Engine/Content/EngineSky/BP_Sky_Sphere.uasset" 407
"../../../RViberoom/Content/meshes/wood.uasset" 408
"../../../RViberoom/Content/meshes/M_BenchWood.uasset" 409
"../../../RViberoom/Content/meshes/bench_Box002.uasset" 410
"../../../RViberoom/Content/meshes/bench_Box002_001.uasset" 411
"../../../RViberoom/Content/meshes/STEELPLT.uasset" 412
"../../../RViberoom/Content/meshes/M_BenchMetal.uasset" 413
"../../../RViberoom/Content/meshes/bench_Box003.uasset" 414
"../../../RViberoom/Content/meshes/bench_Box003_001.uasset" 415
"../../../RViberoom/Content/meshes/bench_Box003_002.uasset" 416
"../../../RViberoom/Content/meshes/bench_Box003_003.uasset" 417
"../../../RViberoom/Content/meshes/bench_Box003_004.uasset" 418
"../../../RViberoom/Content/meshes/bench_Box003_005.uasset" 419
"../../../RViberoom/Content/meshes/bench_Box003_006.uasset" 420
"../../../RViberoom/Content/meshes/bench_Box004.uasset" 421
"../../../RViberoom/Content/meshes/bench_Box005.uasset" 422
"../../../RViberoom/Content/meshes/bench_Box006.uasset" 423
"../../../RViberoom/Content/meshes/bench_Box007.uasset" 424
"../../../RViberoom/Content/bench/BP_ben.uasset" 425
"../../../RViberoom/Content/BlueprintInterfaces/BPI_PC_to_UseCases.uasset" 426
"../../../RViberoom/Content/BlueprintInterfaces/BPI_PC_to_TeleportObjects.uasset" 427
"../../../RViberoom/Content/BlueprintInterfaces/BPI_useCases_to_PC.uasset" 428
"../../../RViberoom/Content/materials/M_Container.uasset" 429
"../../../RViberoom/Content/materials/M_mirror.uasset" 430
"../../../RViberoom/Content/materials/M_pointSource.uasset" 431
"../../../RViberoom/Content/materials/M_Ray.uasset" 432
"../../../RViberoom/Content/materials/MI_EIRay.uasset" 433
"../../../RViberoom/Content/materials/MI_IRay.uasset" 434
"../../../RViberoom/Content/materials/MI_Normal.uasset" 435
"../../../RViberoom/Content/materials/MI_RRay.uasset" 436
"../../../Engine/Content/Functions/Engine_MaterialFunctions02/Utility/Swizzle.uasset" 437
"../../../Engine/Content/Functions/Engine_MaterialFunctions02/Utility/VectorToRadialValue.uasset" 438
"../../../RViberoom/Content/materials/M_ProgressCircle.uasset" 439
"../../../RViberoom/Content/PlaneMirror/M_PMAOI.uasset" 440
"../../../RViberoom/Content/fonts/StatsFont.uasset" 441
"../../../RViberoom/Content/PlaneMirror/UI_PlaneMirrorStats.uasset" 442
"../../../Engine/Content/BasicShapes/Cone.uasset" 443
"../../../Engine/Content/BasicShapes/Cube.uasset" 444
"../../../Engine/Content/BasicShapes/Plane.uasset" 445
"../../../Engine/Content/BasicShapes/Sphere.uasset" 446
"../../../RViberoom/Content/Blueprints/BP_PlaneMirror.uasset" 447
"../../../RViberoom/Content/BFL_myLibrary.uasset" 448
"../../../RViberoom/Content/materials/M_Black.uasset" 449
"../../../Engine/Content/Functions/Engine_MaterialFunctions02/Fresnel_Function.uasset" 450
"../../../RViberoom/Content/materials/m_glass.uasset" 451
"../../../RViberoom/Content/materials/MI_VirtualRays.uasset" 452
"../../../RViberoom/Content/ConcaveLens/E_ConcaveLensCase.uasset" 453
"../../../RViberoom/Content/meshes/concaveLens.uasset" 454
"../../../Engine/Content/Functions/Engine_MaterialFunctions02/Utility/BlendAngleCorrectedNormals.uasset" 455
"../../../Engine/Content/Functions/MaterialLayerFunctions/MatLayerBlend_AO.uasset" 456
"../../../Engine/Content/Functions/MaterialLayerFunctions/MatLayerBlend_NormalBlend.uasset" 457
"../../../Engine/Content/Functions/MaterialLayerFunctions/MatLayerBlend_Simple.uasset" 458
"../../../RViberoom/Content/UE4_Mannequin_Mobile/Materials/MaterialLayers/T_ML_Rubber_Blue_01_D.uasset" 459
"../../../RViberoom/Content/UE4_Mannequin_Mobile/Materials/MaterialLayers/T_ML_Rubber_Blue_01_N.uasset" 460
"../../../RViberoom/Content/UE4_Mannequin_Mobile/Materials/MaterialLayers/ML_GlossyBlack_Latex_UE4.uasset" 461
"../../../RViberoom/Content/UE4_Mannequin_Mobile/Materials/MaterialLayers/ML_Plastic_Shiny_Beige.uasset" 462
"../../../RViberoom/Content/UE4_Mannequin_Mobile/Textures/UE4_LOGO_CARD.uasset" 463
"../../../RViberoom/Content/UE4_Mannequin_Mobile/Materials/MaterialLayers/ML_Plastic_Shiny_Beige_LOGO.uasset" 464
"../../../RViberoom/Content/UE4_Mannequin_Mobile/Materials/MaterialLayers/T_ML_Aluminum01.uasset" 465
"../../../RViberoom/Content/UE4_Mannequin_Mobile/Materials/MaterialLayers/T_ML_Aluminum01_N.uasset" 466
"../../../RViberoom/Content/UE4_Mannequin_Mobile/Materials/MaterialLayers/ML_SoftMetal_UE4.uasset" 467
"../../../RViberoom/Content/UE4_Mannequin_Mobile/Textures/T_UE4_Mannequin_Mobile_M.uasset" 468
"../../../RViberoom/Content/UE4_Mannequin_Mobile/Textures/T_UE4_Mannequin_Mobile_N.uasset" 469
"../../../RViberoom/Content/UE4_Mannequin_Mobile/Textures/T_UE4_Mannequin_Mobile_O.uasset" 470
"../../../RViberoom/Content/UE4_Mannequin_Mobile/Materials/M_UE4Man_Body.uasset" 471
"../../../RViberoom/Content/UE4_Mannequin_Mobile/Textures/UE4Man_Logo_N.uasset" 472
"../../../RViberoom/Content/UE4_Mannequin_Mobile/Materials/M_UE4Man_ChestLogo.uasset" 473
"../../../RViberoom/Content/UE4_Mannequin_Mobile/Mesh/SK_Mannequin_Mobile_PhysicsAsset.uasset" 474
"../../../RViberoom/Content/UE4_Mannequin_Mobile/Mesh/SK_Mannequin_Mobile_Skeleton.uasset" 475
"../../../RViberoom/Content/UE4_Mannequin_Mobile/Mesh/SK_Mannequin_Mobile.uasset" 476
"../../../RViberoom/Content/ConcaveLens/BP_ConcaveLens.uasset" 477
"../../../RViberoom/Content/ConcaveMirror/UI_ConcaveMirrorStats.uasset" 478
"../../../RViberoom/Content/ConcaveMirror/E_ConcaveMirrorCase.uasset" 479
"../../../RViberoom/Content/meshes/concaveMirror.uasset" 480
"../../../RViberoom/Content/ConcaveMirror/BP_ConcaveMirror.uasset" 481
"../../../RViberoom/Content/materials/MI_ConcaveMirror.uasset" 482
"../../../RViberoom/Content/ConvexLens/E_ConvexLensCase.uasset" 483
"../../../RViberoom/Content/meshes/convexLens.uasset" 484
"../../../RViberoom/Content/ConvexLens/BP_ConvexLens.uasset" 485
"../../../RViberoom/Content/ConvexMirror/E_ConvexMirrorCase.uasset" 486
"../../../RViberoom/Content/ConvexMirror/BP_ConvexMirror.uasset" 487
"../../../RViberoom/Content/materials/MI_ERay.uasset" 488
"../../../RViberoom/Content/materials/MI_LD.uasset" 489
"../../../RViberoom/Content/Refraction/UI_RefractionStats.uasset" 490
"../../../RViberoom/Content/Refraction/BP_Refraction.uasset" 491
"../../../RViberoom/Content/meshes/teleportObject_Cylinder.uasset" 492
"../../../RViberoom/Content/meshes/teleportObject_Cylinder_003.uasset" 493
"../../../RViberoom/Content/TeleportObjects/BP_GoToConcaveLens.uasset" 494
"../../../RViberoom/Content/TeleportObjects/BP_GoToConcaveMirror.uasset" 495
"../../../RViberoom/Content/TeleportObjects/BP_GoToConvexLens.uasset" 496
"../../../RViberoom/Content/TeleportObjects/BP_GoToConvexMirror.uasset" 497
"../../../RViberoom/Content/TeleportObjects/BP_GoToP.uasset" 498
"../../../RViberoom/Content/TeleportObjects/BP_GoToRefraction.uasset" 499
"../../../RViberoom/Content/TeleportObjects/BP_GoToTIR.uasset" 500
"../../../RViberoom/Content/TeleportObjects/BP_playButton.uasset" 501
"../../../RViberoom/Content/totalInternalReflection/UI_TIRStats.uasset" 502
"../../../RViberoom/Content/totalInternalReflection/BP_TotalInternalReflection.uasset" 503
"../../../RViberoom/Content/welcomeClass/BP_fourBallLoading.uasset" 504
"../../../RViberoom/Content/ConcaveLens/concaveLensAudio/cavel1.uasset" 505
"../../../RViberoom/Content/ConcaveLens/concaveLensAudio/cavel2.uasset" 506
"../../../RViberoom/Content/ConcaveLens/concaveLensAudio/cavel3.uasset" 507
"../../../RViberoom/Content/ConcaveLens/concaveLensAudio/cavel4.uasset" 508
"../../../RViberoom/Content/ConcaveLens/concaveLensAudio/cavel5.uasset" 509
"../../../RViberoom/Content/ConcaveLens/concaveLensAudio/cavel6.uasset" 510
"../../../RViberoom/Content/ConcaveLens/concaveLensAudio/cavel7.uasset" 511
"../../../RViberoom/Content/ConcaveLens/concaveLensAudio/cavel8.uasset" 512
"../../../RViberoom/Content/ConcaveLens/concaveLensAudio/cavel9.uasset" 513
"../../../RViberoom/Content/ConcaveMirror/ConcaveMirrorAudio/cave1.uasset" 514
"../../../RViberoom/Content/ConcaveMirror/ConcaveMirrorAudio/cave10.uasset" 515
"../../../RViberoom/Content/ConcaveMirror/ConcaveMirrorAudio/cave11.uasset" 516
"../../../RViberoom/Content/ConcaveMirror/ConcaveMirrorAudio/cave12.uasset" 517
"../../../RViberoom/Content/ConcaveMirror/ConcaveMirrorAudio/cave2.uasset" 518
"../../../RViberoom/Content/ConcaveMirror/ConcaveMirrorAudio/cave3.uasset" 519
"../../../RViberoom/Content/ConcaveMirror/ConcaveMirrorAudio/cave4.uasset" 520
"../../../RViberoom/Content/ConcaveMirror/ConcaveMirrorAudio/cave5.uasset" 521
"../../../RViberoom/Content/ConcaveMirror/ConcaveMirrorAudio/cave6.uasset" 522
"../../../RViberoom/Content/ConcaveMirror/ConcaveMirrorAudio/cave7.uasset" 523
"../../../RViberoom/Content/ConcaveMirror/ConcaveMirrorAudio/cave8.uasset" 524
"../../../RViberoom/Content/ConcaveMirror/ConcaveMirrorAudio/cave9.uasset" 525
"../../../RViberoom/Content/ConvexLens/convexLensAudio/vexl1.uasset" 526
"../../../RViberoom/Content/ConvexLens/convexLensAudio/vexl10.uasset" 527
"../../../RViberoom/Content/ConvexLens/convexLensAudio/vexl11.uasset" 528
"../../../RViberoom/Content/ConvexLens/convexLensAudio/vexl12.uasset" 529
"../../../RViberoom/Content/ConvexLens/convexLensAudio/vexl2.uasset" 530
"../../../RViberoom/Content/ConvexLens/convexLensAudio/vexl3.uasset" 531
"../../../RViberoom/Content/ConvexLens/convexLensAudio/vexl4.uasset" 532
"../../../RViberoom/Content/ConvexLens/convexLensAudio/vexl6.uasset" 533
"../../../RViberoom/Content/ConvexLens/convexLensAudio/vexl7.uasset" 534
"../../../RViberoom/Content/ConvexLens/convexLensAudio/vexl8.uasset" 535
"../../../RViberoom/Content/ConvexLens/convexLensAudio/vexl9.uasset" 536
"../../../RViberoom/Content/ConvexMirror/ConvexMirrorAudio/vex1.uasset" 537
"../../../RViberoom/Content/ConvexMirror/ConvexMirrorAudio/vex2.uasset" 538
"../../../RViberoom/Content/ConvexMirror/ConvexMirrorAudio/vex3.uasset" 539
"../../../RViberoom/Content/ConvexMirror/ConvexMirrorAudio/vex4.uasset" 540
"../../../RViberoom/Content/ConvexMirror/ConvexMirrorAudio/vex5.uasset" 541
"../../../RViberoom/Content/ConvexMirror/ConvexMirrorAudio/vex6.uasset" 542
"../../../RViberoom/Content/CurrentLevel.uasset" 543
"../../../RViberoom/Content/PlaneMirror/planeMirrorAudio/pm1.uasset" 544
"../../../RViberoom/Content/PlaneMirror/planeMirrorAudio/pm10.uasset" 545
"../../../RViberoom/Content/PlaneMirror/planeMirrorAudio/pm2.uasset" 546
"../../../RViberoom/Content/PlaneMirror/planeMirrorAudio/pm3.uasset" 547
"../../../RViberoom/Content/PlaneMirror/planeMirrorAudio/pm4.uasset" 548
"../../../RViberoom/Content/PlaneMirror/planeMirrorAudio/pm5.uasset" 549
"../../../RViberoom/Content/PlaneMirror/planeMirrorAudio/pm6.uasset" 550
"../../../RViberoom/Content/PlaneMirror/planeMirrorAudio/pm7.uasset" 551
"../../../RViberoom/Content/PlaneMirror/planeMirrorAudio/pm8.uasset" 552
"../../../RViberoom/Content/PlaneMirror/planeMirrorAudio/pm9.uasset" 553
"../../../RViberoom/Content/PlayerCharacter/UI/crosshair.uasset" 554
"../../../RViberoom/Content/PlayerCharacter/UI/WB_PCCrossHair.uasset" 555
"../../../RViberoom/Content/PlayerCharacter/UI/WB_VRCrossHair.uasset" 556
"../../../RViberoom/Content/Refraction/refractionAudio/ref1.uasset" 557
"../../../RViberoom/Content/Refraction/refractionAudio/ref2.uasset" 558
"../../../RViberoom/Content/Refraction/refractionAudio/ref3.uasset" 559
"../../../RViberoom/Content/Refraction/refractionAudio/ref4.uasset" 560
"../../../RViberoom/Content/Refraction/refractionAudio/ref5.uasset" 561
"../../../RViberoom/Content/Refraction/refractionAudio/ref6.uasset" 562
"../../../RViberoom/Content/Refraction/refractionAudio/ref7.uasset" 563
"../../../RViberoom/Content/Refraction/refractionAudio/ref8.uasset" 564
"../../../RViberoom/Content/Refraction/refractionAudio/ref9.uasset" 565
"../../../RViberoom/Content/totalInternalReflection/totalInternalReflectionAudio/tir1.uasset" 566
"../../../RViberoom/Content/totalInternalReflection/totalInternalReflectionAudio/tir2.uasset" 567
"../../../RViberoom/Content/totalInternalReflection/totalInternalReflectionAudio/tir3.uasset" 568
"../../../RViberoom/Content/totalInternalReflection/totalInternalReflectionAudio/tir4.uasset" 569
"../../../RViberoom/Content/welcomeClass/beg1.uasset" 570
"../../../RViberoom/Content/welcomeClass/beg2.uasset" 571
"../../../RViberoom/Content/welcomeClass/beg3.uasset" 572
"../../../RViberoom/Content/PlayerCharacter/PC_viberoom.uasset" 573
"../../../RViberoom/Content/PlayerCharacter/GM_Viberoom.uasset" 574
"../../../RViberoom/Content/maps/BaseLevel_BuiltData.uasset" 575
"../../../RViberoom/Content/materials/M_Wall.uasset" 576
"../../../RViberoom/Content/textures/T_Perlin_Noise_M.uasset" 577
"../../../RViberoom/Content/textures/T_Wood_Floor_Walnut_D.uasset" 578
"../../../RViberoom/Content/textures/T_Wood_Floor_Walnut_M.uasset" 579
"../../../RViberoom/Content/textures/T_Wood_Floor_Walnut_N.uasset" 580
"../../../RViberoom/Content/materials/M_Wood_Floor_Walnut_Polished.uasset" 581
"../../../Engine/Content/MapTemplates/SM_Template_Map_Floor.uasset" 582
"../../../RViberoom/Content/maps/BaseLevel.umap" 583
"../../../Engine/Content/Maps/Entry.umap" 584
