"../../../RViberoom/Content/Audio/beginninge.uasset" 0
"../../../RViberoom/Content/Audio/pm1e.uasset" 1
"../../../RViberoom/Content/materials/M_Ray.uasset" 2
"../../../RViberoom/Content/materials/MI_Pillars.uasset" 3
"../../../RViberoom/Content/materials/M_MediumLabels.uasset" 4
"../../../Engine/Content/Functions/Engine_MaterialFunctions01/Opacity/CameraDepthFade.uasset" 5
"../../../Engine/Content/EngineMaterials/T_Default_Material_Grid_M.uasset" 6
"../../../Engine/Content/EngineMaterials/T_Default_Material_Grid_N.uasset" 7
"../../../Engine/Content/EngineMaterials/DefaultMaterial.uasset" 8
"../../../Engine/Content/BasicShapes/Cylinder.uasset" 9
"../../../Engine/Content/EditorLandscapeResources/DataLayer.uasset" 10
"../../../Engine/Content/EditorMaterials/GizmoMaterial.uasset" 11
"../../../Engine/Content/EditorMaterials/MAT_Groups_Toggle.uasset" 12
"../../../Engine/Content/EditorMaterials/MAT_Groups_Visibility.uasset" 13
"../../../Engine/Content/EditorMaterials/PreviewShadowIndicator.uasset" 14
"../../../Engine/Content/EditorMaterials/PreviewShadowIndicatorMaterial.uasset" 15
"../../../Engine/Content/EditorMaterials/MatineeGroups/MAT_ColorTrack.uasset" 16
"../../../Engine/Content/EditorMaterials/MatineeGroups/MAT_Groups_Anim.uasset" 17
"../../../Engine/Content/EditorMaterials/MatineeGroups/MAT_Groups_AudioMaster.uasset" 18
"../../../Engine/Content/EditorMaterials/MatineeGroups/MAT_Groups_Director.uasset" 19
"../../../Engine/Content/EditorMaterials/MatineeGroups/MAT_Groups_Event.uasset" 20
"../../../Engine/Content/EditorMaterials/MatineeGroups/MAT_Groups_Fade.uasset" 21
"../../../Engine/Content/EditorMaterials/MatineeGroups/MAT_Groups_Float.uasset" 22
"../../../Engine/Content/EditorMaterials/MatineeGroups/MAT_Groups_Move.uasset" 23
"../../../Engine/Content/EditorMaterials/MatineeGroups/MAT_Groups_Slomo.uasset" 24
"../../../Engine/Content/EditorMaterials/MatineeGroups/MAT_Groups_Sound.uasset" 25
"../../../Engine/Content/EditorMaterials/MatineeGroups/MAT_Groups_Vector.uasset" 26
"../../../Engine/Content/EditorMaterials/ParticleSystems/PSysThumbnail_NoImage.uasset" 27
"../../../Engine/Content/EditorMaterials/ParticleSystems/PSysThumbnail_OOD.uasset" 28
"../../../Engine/Content/EditorMaterials/Camera/CineMat.uasset" 29
"../../../Engine/Content/EditorMaterials/Camera/MI_CineMat_Rig.uasset" 30
"../../../Engine/Content/EditorMeshes/Camera/SM_CraneRig_Arm.uasset" 31
"../../../Engine/Content/EditorMeshes/Camera/SM_CraneRig_Base.uasset" 32
"../../../Engine/Content/EditorMeshes/Camera/SM_CraneRig_Body.uasset" 33
"../../../Engine/Content/EditorMeshes/Camera/SM_CraneRig_Mount.uasset" 34
"../../../Engine/Content/EditorMeshes/Camera/SM_RailRig_Mount.uasset" 35
"../../../Engine/Content/EditorMeshes/Camera/SM_RailRig_Track.uasset" 36
"../../../Engine/Content/EditorMeshes/ColorCalibrator/M_ChromeBall.uasset" 37
"../../../Engine/Content/EditorMeshes/ColorCalibrator/M_ClearCoat.uasset" 38
"../../../Engine/Content/EditorMeshes/ColorCalibrator/M_ClearCoatBlack.uasset" 39
"../../../Engine/Content/EditorMeshes/ColorCalibrator/Color_checker.uasset" 40
"../../../Engine/Content/EditorMeshes/ColorCalibrator/M_ColorGrid.uasset" 41
"../../../Engine/Content/EditorMeshes/ColorCalibrator/M_GreyBall.uasset" 42
"../../../Engine/Content/EditorMeshes/ColorCalibrator/SM_ColorCalibrator.uasset" 43
"../../../Engine/Content/EditorResources/BSPVertex.uasset" 44
"../../../Engine/Content/EditorResources/EmptyActor.uasset" 45
"../../../Engine/Content/EditorResources/S_Actor.uasset" 46
"../../../Engine/Content/EditorResources/S_Trigger.uasset" 47
"../../../Engine/Content/EditorResources/LightIcons/S_LightError.uasset" 48
"../../../Engine/Content/EditorResources/SequenceRecorder/Countdown.uasset" 49
"../../../Engine/Content/EditorResources/SequenceRecorder/RecordingIndicator.uasset" 50
"../../../Engine/Content/EditorSounds/Notifications/CompileFailed.uasset" 51
"../../../Engine/Content/EditorSounds/Notifications/CompileFailed_Cue.uasset" 52
"../../../Engine/Content/EditorSounds/Notifications/CompileSuccess.uasset" 53
"../../../Engine/Content/EditorSounds/Notifications/CompileStart_Cue.uasset" 54
"../../../Engine/Content/EditorSounds/Notifications/CompileSuccess_Cue.uasset" 55
"../../../Engine/Content/EngineDamageTypes/DmgTypeBP_Environmental.uasset" 56
"../../../Engine/Content/EngineDebugMaterials/HeatmapGradient.uasset" 57
"../../../Engine/Content/EngineDebugMaterials/BoneWeightMaterial.uasset" 58
"../../../Engine/Content/EngineDebugMaterials/ClothMaterial.uasset" 59
"../../../Engine/Content/EngineDebugMaterials/ClothMaterial_WF.uasset" 60
"../../../Engine/Content/EngineDebugMaterials/DebugEditorMaterial.uasset" 61
"../../../Engine/Content/EngineDebugMaterials/DebugMeshMaterial.uasset" 62
"../../../Engine/Content/EngineDebugMaterials/GeomMaterial.uasset" 63
"../../../Engine/Content/EngineFonts/Faces/RobotoBold.uasset" 64
"../../../Engine/Content/EngineFonts/Faces/RobotoBoldItalic.uasset" 65
"../../../Engine/Content/EngineFonts/Faces/RobotoItalic.uasset" 66
"../../../Engine/Content/EngineFonts/Faces/RobotoLight.uasset" 67
"../../../Engine/Content/EngineFonts/Faces/RobotoRegular.uasset" 68
"../../../Engine/Content/EngineFonts/Roboto.uasset" 69
"../../../Engine/Content/EngineFonts/Faces/RobotoTiny.uasset" 70
"../../../Engine/Content/EngineFonts/RobotoTiny.uasset" 71
"../../../Engine/Content/EngineMaterials/DefaultBloomKernel.uasset" 72
"../../../Engine/Content/EngineMaterials/DefaultBokeh.uasset" 73
"../../../Engine/Content/EngineMaterials/DefaultDiffuse.uasset" 74
"../../../Engine/Content/EngineMaterials/DefaultDeferredDecalMaterial.uasset" 75
"../../../Engine/Content/EngineMaterials/DefaultLightFunctionMaterial.uasset" 76
"../../../Engine/Content/EngineMaterials/DefaultPhysicalMaterial.uasset" 77
"../../../Engine/Content/Functions/Engine_MaterialFunctions02/Utility/BreakOutFloat2Components.uasset" 78
"../../../Engine/Content/EngineMaterials/DefaultPostProcessMaterial.uasset" 79
"../../../Engine/Content/EngineFonts/RobotoDistanceField.uasset" 80
"../../../Engine/Content/EngineMaterials/DefaultTextMaterialOpaque.uasset" 81
"../../../Engine/Content/EngineMaterials/DefaultWhiteGrid.uasset" 82
"../../../Engine/Content/EngineMaterials/EditorBrushMaterial.uasset" 83
"../../../Engine/Content/EngineMaterials/Good64x64TilingNoiseHighFreq.uasset" 84
"../../../Engine/Content/EngineMaterials/MiniFont.uasset" 85
"../../../Engine/Content/EngineMaterials/InvalidLightmapSettings.uasset" 86
"../../../Engine/Content/EngineMaterials/M_InvalidLightmapSettings.uasset" 87
"../../../Engine/Content/Functions/Engine_MaterialFunctions02/WorldPositionOffset/CameraOffset.uasset" 88
"../../../Engine/Content/EngineMaterials/PhAT_JointLimitMaterial.uasset" 89
"../../../Engine/Content/EngineMaterials/PreintegratedSkinBRDF.uasset" 90
"../../../Engine/Content/EngineMaterials/RemoveSurfaceMaterial.uasset" 91
"../../../Engine/Content/EngineMaterials/WeightMapPlaceholderTexture.uasset" 92
"../../../Engine/Content/EngineResources/WhiteSquareTexture.uasset" 93
"../../../Engine/Content/EngineMaterials/Widget3DPassThrough.uasset" 94
"../../../Engine/Content/EngineMaterials/Widget3DPassThrough_Masked.uasset" 95
"../../../Engine/Content/EngineMaterials/Widget3DPassThrough_Opaque.uasset" 96
"../../../Engine/Content/EngineMaterials/Widget3DPassThrough_Masked_OneSided.uasset" 97
"../../../Engine/Content/EngineMaterials/Widget3DPassThrough_Opaque_OneSided.uasset" 98
"../../../Engine/Content/EngineMaterials/Widget3DPassThrough_Translucent.uasset" 99
"../../../Engine/Content/EngineMaterials/Widget3DPassThrough_Translucent_OneSided.uasset" 100
"../../../Engine/Content/EngineMeshes/Cube.uasset" 101
"../../../Engine/Content/EngineMeshes/Cylinder.uasset" 102
"../../../Engine/Content/EngineMeshes/Sphere.uasset" 103
"../../../Engine/Content/EngineResources/Black.uasset" 104
"../../../Engine/Content/EngineResources/DefaultTexture.uasset" 105
"../../../Engine/Content/EngineResources/DefaultTextureCube.uasset" 106
"../../../Engine/Content/EngineResources/GradientTexture0.uasset" 107
"../../../Engine/Content/EngineSounds/Master.uasset" 108
"../../../Engine/Content/Functions/Engine_MaterialFunctions01/Shading/ConvertFromDiffSpec.uasset" 109
"../../../Engine/Content/Functions/Engine_MaterialFunctions01/Shading/PowerToRoughness.uasset" 110
"../../../Engine/Content/Maps/Templates/Thumbnails/Default.uasset" 111
"../../../Engine/Content/Maps/Templates/Thumbnails/VR-Basic.uasset" 112
"../../../Engine/Content/MobileResources/T_MobileControls_texture.uasset" 113
"../../../Engine/Content/MobileResources/T_MobileMenu2.uasset" 114
"../../../Engine/Content/MobileResources/HUD/AnalogHat.uasset" 115
"../../../Engine/Content/MobileResources/HUD/VirtualJoystick_Background.uasset" 116
"../../../Engine/Content/MobileResources/HUD/VirtualJoystick_Thumb.uasset" 117
"../../../Engine/Content/MobileResources/HUD/DefaultVirtualJoysticks.uasset" 118
"../../../Engine/Content/MobileResources/HUD/LeftVirtualJoystickOnly.uasset" 119
"../../../Engine/Content/MobileResources/HUD/MobileHUDButton1_off.uasset" 120
"../../../Engine/Content/MobileResources/HUD/MobileHUDButton1_on.uasset" 121
"../../../Engine/Content/MobileResources/HUD/MobileHUDButton2_off.uasset" 122
"../../../Engine/Content/MobileResources/HUD/MobileHUDButton2_on.uasset" 123
"../../../Engine/Content/MobileResources/HUD/MobileHUDButton3.uasset" 124
"../../../Engine/Content/MobileResources/HUD/MobileHUDButtonFire.uasset" 125
"../../../Engine/Content/MobileResources/HUD/MobileHUDDirectionPad.uasset" 126
"../../../Engine/Content/MobileResources/HUD/MobileHUDDirectionPad2.uasset" 127
"../../../Engine/Content/MobileResources/HUD/MobileHUDDirectionPad3.uasset" 128
"../../../Engine/Content/MobileResources/HUD/MobileHUDDirectionStick.uasset" 129
"../../../Engine/Content/MobileResources/HUD/T_Castle_ThumbstickInner.uasset" 130
"../../../Engine/Content/MobileResources/HUD/T_Castle_ThumbstickOutter.uasset" 131
"../../../Engine/Content/Tutorial/ContentIntroCurve.uasset" 132
"../../../Engine/Content/Tutorial/Basics/TutorialAssets/icon_tab_Levels_40x.uasset" 133
"../../../Engine/Content/Tutorial/BlueprintTutorials/TutorialAssets/BlueprintInterface_64x.uasset" 134
"../../../Engine/Content/Tutorial/BlueprintTutorials/TutorialAssets/BlueprintMacroLibrary_64x.uasset" 135
"../../../Engine/Content/Tutorial/BlueprintTutorials/TutorialAssets/Blueprint_64x.uasset" 136
"../../../Engine/Content/Tutorial/BlueprintTutorials/TutorialAssets/Tutorial_BP_Interface.uasset" 137
"../../../Engine/Content/Tutorial/Foliage/TutorialAssets/Foliage.uasset" 138
"../../../Engine/Content/Tutorial/Landscape/TutorialAssets/Landscape.uasset" 139
"../../../Engine/Content/Tutorial/Mobile/TutorialAssets/android_Icon.uasset" 140
"../../../Engine/Content/Tutorial/Paper2D/TutorialAssets/Paper2DFlipbook_TutorialIcon.uasset" 141
"../../../Engine/Content/Tutorial/Paper2D/TutorialAssets/Paper2DSprite_TutorialIcon.uasset" 142
"../../../Engine/Content/Tutorial/SubEditors/TutorialAssets/icon_Editor_Preferences_General_40x.uasset" 143
"../../../Engine/Content/Tutorial/SubEditors/TutorialAssets/icon_ShowSkeletalMeshes_40x.uasset" 144
"../../../Engine/Content/Tutorial/SubEditors/TutorialAssets/TutorialMaterial.uasset" 145
"../../../Engine/Content/Tutorial/SubEditors/TutorialAssets/T_SmokeSubUV_8X8.uasset" 146
"../../../Engine/Content/Tutorial/SubEditors/TutorialAssets/T_soft_smoke.uasset" 147
"../../../Engine/Content/Tutorial/SubEditors/TutorialAssets/M_smoke_subUV_blackbody.uasset" 148
"../../../Engine/Content/Tutorial/SubEditors/TutorialAssets/TutorialParticleSystem.uasset" 149
"../../../Engine/Content/VREditor/Devices/Generic/GenericHMDMaterial.uasset" 150
"../../../Engine/Content/VREditor/Devices/Generic/GenericHMD.uasset" 151
"../../../Engine/Content/VREditor/FloatingText/LineMaterial.uasset" 152
"../../../Engine/Content/VREditor/FloatingText/JointSphere.uasset" 153
"../../../Engine/Content/VREditor/FloatingText/LineSegmentCylinder.uasset" 154
"../../../Engine/Content/VREditor/Fonts/VRText_RobotoLarge.uasset" 155
"../../../Engine/Content/VREditor/Fonts/VRTextMaterial.uasset" 156
"../../../Engine/Content/VREditor/Fonts/TranslucentVRTextMaterial.uasset" 157
"../../../Engine/Content/EngineMaterials/WorldGridMaterial.uasset" 158
"../../../Engine/Content/VREditor/LaserPointer/CursorPointer.uasset" 159
"../../../Engine/Content/VREditor/LaserPointer/VR_LaserPower_01.uasset" 160
"../../../Engine/Content/VREditor/TransformGizmo/TransformGizmoMaterial.uasset" 161
"../../../Engine/Content/VREditor/LaserPointer/HoverMaterial.uasset" 162
"../../../Engine/Content/VREditor/TransformGizmo/TranslucentTransformGizmoMaterial.uasset" 163
"../../../Engine/Content/VREditor/LaserPointer/TranslucentHoverMaterial.uasset" 164
"../../../Engine/Content/VREditor/LaserPointer/HoverMesh.uasset" 165
"../../../Engine/Content/VREditor/LaserPointer/LaserPointerMaterial.uasset" 166
"../../../Engine/Content/VREditor/LaserPointer/LaserPointerMaterialInst.uasset" 167
"../../../Engine/Content/VREditor/LaserPointer/TranslucentLaserPointerMaterialInst.uasset" 168
"../../../Engine/Content/VREditor/LaserPointer/LaserPointerMesh.uasset" 169
"../../../Engine/Content/VREditor/LaserPointer/LaserPointerMesh_End.uasset" 170
"../../../Engine/Content/VREditor/LaserPointer/LaserPointerMesh_Start.uasset" 171
"../../../Engine/Content/Functions/Engine_MaterialFunctions02/Utility/BreakOutFloat3Components.uasset" 172
"../../../Engine/Content/Functions/Engine_MaterialFunctions02/Math/Transform3x3Matrix.uasset" 173
"../../../Engine/Content/Functions/Engine_MaterialFunctions02/SplitComponents.uasset" 174
"../../../Engine/Content/Functions/Engine_MaterialFunctions02/Utility/MakeFloat3.uasset" 175
"../../../Engine/Content/VREditor/SnapGrid/SnapGridMaterial.uasset" 176
"../../../Engine/Content/VREditor/SnapGrid/SnapGridPlaneMesh.uasset" 177
"../../../Engine/Content/VREditor/Sounds/VR_teleport.uasset" 178
"../../../Engine/Content/VREditor/Sounds/UI/Click_on_Button_Cue.uasset" 179
"../../../Engine/Content/VREditor/Sounds/UI/Dockable_Window_Close.uasset" 180
"../../../Engine/Content/VREditor/Sounds/UI/Dockable_Window_Drop.uasset" 181
"../../../Engine/Content/VREditor/Sounds/UI/Dockable_Window_Open.uasset" 182
"../../../Engine/Content/VREditor/Sounds/UI/Dockable_Window_Pick_Up.uasset" 183
"../../../Engine/Content/VREditor/Sounds/UI/Drop_Item_From_ContentBrowser.uasset" 184
"../../../Engine/Content/VREditor/Sounds/UI/Floating_UI_Open-001.uasset" 185
"../../../Engine/Content/VREditor/Sounds/UI/Gizmo_Handle_Clicked.uasset" 186
"../../../Engine/Content/VREditor/Sounds/UI/Object_PickUp.uasset" 187
"../../../Engine/Content/VREditor/Sounds/UI/Object_Snaps_To_Another_Actor.uasset" 188
"../../../Engine/Content/VREditor/Sounds/UI/Object_Snaps_To_Grid.uasset" 189
"../../../Engine/Content/VREditor/Sounds/UI/Radial_Menu_FadeOut.uasset" 190
"../../../Engine/Content/VREditor/Sounds/UI/Scaling_Down.uasset" 191
"../../../Engine/Content/VREditor/Sounds/UI/Scaling_Up.uasset" 192
"../../../Engine/Content/VREditor/Sounds/UI/Selection_Changes.uasset" 193
"../../../Engine/Content/VREditor/Sounds/UI/Teleport_Mode_Entered.uasset" 194
"../../../Engine/Content/VREditor/Teleport/TeleportDirectionMaterial.uasset" 195
"../../../Engine/Content/VREditor/Teleport/TeleportDirectionMaterial_Inst.uasset" 196
"../../../Engine/Content/VREditor/Teleport/TeleportDirectionMesh.uasset" 197
"../../../Engine/Content/VREditor/TransformGizmo/BoundingBoxCorner.uasset" 198
"../../../Engine/Content/VREditor/TransformGizmo/BoundingBoxEdge.uasset" 199
"../../../Engine/Content/VREditor/TransformGizmo/PlaneTranslationHandle.uasset" 200
"../../../Engine/Content/VREditor/TransformGizmo/RotationHandleFull.uasset" 201
"../../../Engine/Content/VREditor/TransformGizmo/RotationHandleIndicator.uasset" 202
"../../../Engine/Content/VREditor/TransformGizmo/RotationHandleQuarter.uasset" 203
"../../../Engine/Content/VREditor/TransformGizmo/Main.uasset" 204
"../../../Engine/Content/VREditor/TransformGizmo/Xray.uasset" 205
"../../../Engine/Content/VREditor/TransformGizmo/SM_Dialog_Close.uasset" 206
"../../../Engine/Content/VREditor/TransformGizmo/SM_Dialog_Move.uasset" 207
"../../../Engine/Content/VREditor/TransformGizmo/SM_Sequencer_Key.uasset" 208
"../../../Engine/Content/VREditor/TransformGizmo/SM_Sequencer_Node.uasset" 209
"../../../Engine/Content/VREditor/TransformGizmo/StartRotationHandleIndicator.uasset" 210
"../../../Engine/Content/VREditor/TransformGizmo/TranslucentTransformGizmoMaterial_Inst.uasset" 211
"../../../Engine/Content/VREditor/TransformGizmo/TransformGizmoFreeRotation.uasset" 212
"../../../Engine/Content/VREditor/TransformGizmo/TransformGizmoMaterial_Inst.uasset" 213
"../../../Engine/Content/VREditor/TransformGizmo/TranslateArrowHandle.uasset" 214
"../../../Engine/Content/VREditor/TransformGizmo/UniformScaleHandle.uasset" 215
"../../../Engine/Content/VREditor/UI/KeyDiskMaterial.uasset" 216
"../../../Engine/Content/VREditor/UI/DiscMaterial.uasset" 217
"../../../Engine/Content/VREditor/UI/SM_Radial_Disk.uasset" 218
"../../../Engine/Content/Functions/Engine_MaterialFunctions01/Gradient/RadialGradient.uasset" 219
"../../../Engine/Content/VREditor/WorldMovementGrid/SimpleGrid.uasset" 220
"../../../Engine/Content/VREditor/WorldMovementGrid/GridMaterial.uasset" 221
"../../../Engine/Content/Functions/Engine_MaterialFunctions01/Density/ExponentialDensity.uasset" 222
"../../../Engine/Content/VREditor/WorldMovementGrid/GridPostProcess.uasset" 223
"../../../Engine/Content/EditorLandscapeResources/FlattenHeightMat.uasset" 224
"../../../Engine/Content/VREditor/WorldMovementGrid/PlaneMesh.uasset" 225
"../../../Engine/Plugins/2D/Paper2D/Content/PlaceholderTextures/DummySpriteTexture.uasset" 226
"../../../Engine/Plugins/2D/Paper2D/Content/DummySprite.uasset" 227
"../../../Engine/Plugins/2D/Paper2D/Content/DefaultPaperTerrainMaterial.uasset" 228
"../../../Engine/Plugins/2D/Paper2D/Content/DefaultSpriteMaterial.uasset" 229
"../../../Engine/Plugins/2D/Paper2D/Content/MaskedUnlitSpriteMaterial.uasset" 230
"../../../Engine/Plugins/2D/Paper2D/Content/OpaqueUnlitSpriteMaterial.uasset" 231
"../../../Engine/Plugins/Media/MediaCompositing/Content/DefaultMediaPlaneMaterial.uasset" 232
"../../../Engine/Content/Functions/Engine_MaterialFunctions02/Utility/MakeFloat4.uasset" 233
"../../../Engine/Plugins/Runtime/AppleARKit/Content/ARKitCameraMaterial.uasset" 234
"../../../Engine/Plugins/Runtime/Oculus/OculusVR/Content/Textures/GearVRController_AO.uasset" 235
"../../../Engine/Plugins/Runtime/Oculus/OculusVR/Content/Textures/GearVRController_Color.uasset" 236
"../../../Engine/Plugins/Runtime/Oculus/OculusVR/Content/Textures/GearVRController_Normal.uasset" 237
"../../../Engine/Plugins/Runtime/Oculus/OculusVR/Content/Materials/GearVRControllerMaterial.uasset" 238
"../../../Engine/Plugins/Runtime/Oculus/OculusVR/Content/Meshes/GearVrController.uasset" 239
"../../../Engine/Content/EditorBlueprintResources/StandardMacros.uasset" 240
"../../../Engine/Content/EngineSky/C_Sky_Cloud_Color.uasset" 241
"../../../Engine/Content/EngineSky/C_Sky_Horizon_Color.uasset" 242
"../../../Engine/Content/EngineSky/C_Sky_Zenith_Color.uasset" 243
"../../../Engine/Content/EngineSky/T_Sky_Blue.uasset" 244
"../../../Engine/Content/EngineSky/T_Sky_Clouds_M.uasset" 245
"../../../Engine/Content/EngineSky/T_Sky_Stars.uasset" 246
"../../../Engine/Content/EngineSky/M_Sky_Panning_Clouds2.uasset" 247
"../../../Engine/Content/EngineSky/SM_SkySphere.uasset" 248
"../../../Engine/Content/EngineSky/BP_Sky_Sphere.uasset" 249
"../../../RViberoom/Content/BlueprintInterfaces/BPI_PC_to_UseCases.uasset" 250
"../../../Engine/Content/BasicShapes/BasicShapeMaterial.uasset" 251
"../../../Engine/Content/BasicShapes/Cube.uasset" 252
"../../../RViberoom/Content/Blueprints/BP_CreditsTeleportBox.uasset" 253
"../../../RViberoom/Content/materials/MI_Normal.uasset" 254
"../../../RViberoom/Content/meshes/gameDevCredits_Cube.uasset" 255
"../../../RViberoom/Content/meshes/gameDevCredits_Text.uasset" 256
"../../../RViberoom/Content/Blueprints/BP_GameDevCredits.uasset" 257
"../../../RViberoom/Content/BlueprintInterfaces/BPI_PC_to_TeleportObjects.uasset" 258
"../../../RViberoom/Content/materials/MI_EIRay.uasset" 259
"../../../RViberoom/Content/meshes/teleportObject_Cylinder.uasset" 260
"../../../RViberoom/Content/materials/MI_LD.uasset" 261
"../../../RViberoom/Content/meshes/teleportObject_Cylinder_003.uasset" 262
"../../../RViberoom/Content/Blueprints/BP_GoToConcaveLens.uasset" 263
"../../../RViberoom/Content/Blueprints/BP_GoToConcaveMirror.uasset" 264
"../../../RViberoom/Content/Blueprints/BP_GoToConvexLens.uasset" 265
"../../../RViberoom/Content/Blueprints/BP_GoToConvexMirror.uasset" 266
"../../../RViberoom/Content/Blueprints/BP_GoToP.uasset" 267
"../../../RViberoom/Content/Blueprints/BP_GoToRefraction.uasset" 268
"../../../RViberoom/Content/Blueprints/BP_GoToTIR.uasset" 269
"../../../RViberoom/Content/materials/MI_IRay.uasset" 270
"../../../RViberoom/Content/materials/MI_RRay.uasset" 271
"../../../Engine/Content/BasicShapes/Sphere.uasset" 272
"../../../RViberoom/Content/materials/MI_ERay.uasset" 273
"../../../RViberoom/Content/meshes/welcomeMessage_Text.uasset" 274
"../../../RViberoom/Content/meshes/welcomeMessage_Text_003.uasset" 275
"../../../RViberoom/Content/Blueprints/BP_Loader.uasset" 276
"../../../RViberoom/Content/meshes/return_Cube.uasset" 277
"../../../RViberoom/Content/meshes/return_Text.uasset" 278
"../../../RViberoom/Content/Blueprints/BP_ReturnFromCredits.uasset" 279
"../../../RViberoom/Content/meshes/specialThanks_Cube.uasset" 280
"../../../RViberoom/Content/meshes/specialThanks_Text.uasset" 281
"../../../RViberoom/Content/Blueprints/BP_SpecialThanksCredits.uasset" 282
"../../../RViberoom/Content/textures/crosshair.uasset" 283
"../../../RViberoom/Content/materials/m_crosshair.uasset" 284
"../../../RViberoom/Content/textures/T_ML_Aluminum01.uasset" 285
"../../../RViberoom/Content/materials/M_GreenBoard.uasset" 286
"../../../RViberoom/Content/materials/M_white.uasset" 287
"../../../RViberoom/Content/textures/T_Perlin_Noise_M.uasset" 288
"../../../RViberoom/Content/textures/T_Wood_Floor_Walnut_D.uasset" 289
"../../../RViberoom/Content/textures/T_Wood_Floor_Walnut_M.uasset" 290
"../../../RViberoom/Content/textures/T_Wood_Floor_Walnut_N.uasset" 291
"../../../RViberoom/Content/materials/M_Wood_Floor_Walnut_Polished.uasset" 292
"../../../Engine/Content/BasicShapes/Cone.uasset" 293
"../../../Engine/Content/BasicShapes/Plane.uasset" 294
"../../../RViberoom/Content/meshes/tutorial1.uasset" 295
"../../../RViberoom/Content/Blueprints/BP_Tutorial.uasset" 296
"../../../RViberoom/Content/Enumerations/E_CurrentLevel.uasset" 297
"../../../RViberoom/Content/BlueprintInterfaces/BPI_PC_to_Bench.uasset" 298
"../../../RViberoom/Content/BlueprintInterfaces/BPI_useCases_to_PC.uasset" 299
"../../../RViberoom/Content/WidgetBlueprints/WB_ConcaveLensCases.uasset" 300
"../../../RViberoom/Content/WidgetBlueprints/WB_ConcaveMirrorCases.uasset" 301
"../../../RViberoom/Content/WidgetBlueprints/WB_ConvexLensCases.uasset" 302
"../../../RViberoom/Content/WidgetBlueprints/WB_ConvexMirrorCases.uasset" 303
"../../../RViberoom/Content/WidgetBlueprints/WB_PlaneMirrorCases.uasset" 304
"../../../RViberoom/Content/WidgetBlueprints/WB_TIRCases.uasset" 305
"../../../RViberoom/Content/textures/wood.uasset" 306
"../../../RViberoom/Content/materials/M_BenchWood.uasset" 307
"../../../RViberoom/Content/meshes/bench_Box002.uasset" 308
"../../../RViberoom/Content/meshes/bench_Box002_001.uasset" 309
"../../../RViberoom/Content/textures/STEELPLT.uasset" 310
"../../../RViberoom/Content/materials/M_BenchMetal.uasset" 311
"../../../RViberoom/Content/meshes/bench_Box003.uasset" 312
"../../../RViberoom/Content/meshes/bench_Box003_001.uasset" 313
"../../../RViberoom/Content/meshes/bench_Box003_002.uasset" 314
"../../../RViberoom/Content/meshes/bench_Box003_003.uasset" 315
"../../../RViberoom/Content/meshes/bench_Box003_004.uasset" 316
"../../../RViberoom/Content/meshes/bench_Box003_005.uasset" 317
"../../../RViberoom/Content/meshes/bench_Box003_006.uasset" 318
"../../../RViberoom/Content/meshes/bench_Box004.uasset" 319
"../../../RViberoom/Content/meshes/bench_Box005.uasset" 320
"../../../RViberoom/Content/meshes/bench_Box006.uasset" 321
"../../../RViberoom/Content/meshes/bench_Cube.uasset" 322
"../../../RViberoom/Content/Blueprints/BP_Bench.uasset" 323
"../../../RViberoom/Content/BlueprintFunctionLibraries/BFL_myLibrary.uasset" 324
"../../../RViberoom/Content/materials/M_Black.uasset" 325
"../../../Engine/Content/Functions/Engine_MaterialFunctions02/Fresnel_Function.uasset" 326
"../../../RViberoom/Content/materials/m_glass.uasset" 327
"../../../RViberoom/Content/materials/MI_VirtualRays.uasset" 328
"../../../RViberoom/Content/Enumerations/E_ConcaveLensCase.uasset" 329
"../../../RViberoom/Content/meshes/concaveLens.uasset" 330
"../../../Engine/Content/Functions/Engine_MaterialFunctions02/Utility/BlendAngleCorrectedNormals.uasset" 331
"../../../Engine/Content/Functions/MaterialLayerFunctions/MatLayerBlend_AO.uasset" 332
"../../../Engine/Content/Functions/MaterialLayerFunctions/MatLayerBlend_NormalBlend.uasset" 333
"../../../Engine/Content/Functions/MaterialLayerFunctions/MatLayerBlend_Simple.uasset" 334
"../../../RViberoom/Content/textures/T_ML_Rubber_Blue_01_D.uasset" 335
"../../../RViberoom/Content/textures/T_ML_Rubber_Blue_01_N.uasset" 336
"../../../RViberoom/Content/materials/MF_GlossyBlack_Latex_UE4.uasset" 337
"../../../RViberoom/Content/materials/MF_Plastic_Shiny_Beige.uasset" 338
"../../../RViberoom/Content/textures/UE4_LOGO_CARD.uasset" 339
"../../../RViberoom/Content/materials/MF_Plastic_Shiny_Beige_LOGO.uasset" 340
"../../../RViberoom/Content/textures/T_ML_Aluminum01_N.uasset" 341
"../../../RViberoom/Content/materials/MF_SoftMetal_UE4.uasset" 342
"../../../RViberoom/Content/textures/T_UE4_Mannequin_Mobile_M.uasset" 343
"../../../RViberoom/Content/textures/T_UE4_Mannequin_Mobile_N.uasset" 344
"../../../RViberoom/Content/textures/T_UE4_Mannequin_Mobile_O.uasset" 345
"../../../RViberoom/Content/materials/M_UE4Man_Body.uasset" 346
"../../../RViberoom/Content/textures/UE4Man_Logo_N.uasset" 347
"../../../RViberoom/Content/materials/M_UE4Man_ChestLogo.uasset" 348
"../../../RViberoom/Content/meshes/SK_Mannequin_Mobile_PhysicsAsset.uasset" 349
"../../../RViberoom/Content/meshes/SK_Mannequin_Mobile_Skeleton.uasset" 350
"../../../RViberoom/Content/meshes/SK_Mannequin_Mobile.uasset" 351
"../../../RViberoom/Content/Blueprints/BP_ConcaveLens.uasset" 352
"../../../RViberoom/Content/materials/M_mirror.uasset" 353
"../../../RViberoom/Content/Enumerations/E_ConcaveMirrorCase.uasset" 354
"../../../RViberoom/Content/meshes/concaveMirror.uasset" 355
"../../../RViberoom/Content/Blueprints/BP_ConcaveMirror.uasset" 356
"../../../RViberoom/Content/materials/MI_ConcaveMirror.uasset" 357
"../../../RViberoom/Content/Enumerations/E_ConvexLensCase.uasset" 358
"../../../RViberoom/Content/meshes/convexLens.uasset" 359
"../../../RViberoom/Content/Blueprints/BP_ConvexLens.uasset" 360
"../../../RViberoom/Content/Enumerations/E_ConvexMirrorCase.uasset" 361
"../../../RViberoom/Content/Blueprints/BP_ConvexMirror.uasset" 362
"../../../RViberoom/Content/meshes/credits_Cube.uasset" 363
"../../../RViberoom/Content/meshes/credits_Text.uasset" 364
"../../../RViberoom/Content/Blueprints/BP_GoToCredits.uasset" 365
"../../../RViberoom/Content/materials/M_Container.uasset" 366
"../../../RViberoom/Content/materials/M_pointSource.uasset" 367
"../../../Engine/Content/Functions/Engine_MaterialFunctions02/Utility/Swizzle.uasset" 368
"../../../Engine/Content/Functions/Engine_MaterialFunctions02/Utility/VectorToRadialValue.uasset" 369
"../../../RViberoom/Content/materials/M_ProgressCircle.uasset" 370
"../../../RViberoom/Content/materials/MI_PMAOI.uasset" 371
"../../../RViberoom/Content/Blueprints/BP_PlaneMirror.uasset" 372
"../../../RViberoom/Content/meshes/continue_Cube.uasset" 373
"../../../RViberoom/Content/meshes/continue_Text.uasset" 374
"../../../RViberoom/Content/meshes/newGame_Cube.uasset" 375
"../../../RViberoom/Content/meshes/newGame_Text.uasset" 376
"../../../RViberoom/Content/Blueprints/BP_playMenu.uasset" 377
"../../../RViberoom/Content/Blueprints/BP_Refraction.uasset" 378
"../../../RViberoom/Content/Blueprints/BP_SaveGame.uasset" 379
"../../../RViberoom/Content/Blueprints/BP_TotalInternalReflection.uasset" 380
"../../../RViberoom/Content/Audio/beg1.uasset" 381
"../../../RViberoom/Content/Audio/beg2.uasset" 382
"../../../RViberoom/Content/Audio/beg3.uasset" 383
"../../../RViberoom/Content/Audio/cave1.uasset" 384
"../../../RViberoom/Content/Audio/cave10.uasset" 385
"../../../RViberoom/Content/Audio/cave11.uasset" 386
"../../../RViberoom/Content/Audio/cave12.uasset" 387
"../../../RViberoom/Content/Audio/cave13.uasset" 388
"../../../RViberoom/Content/Audio/cave2.uasset" 389
"../../../RViberoom/Content/Audio/cave3.uasset" 390
"../../../RViberoom/Content/Audio/cave4.uasset" 391
"../../../RViberoom/Content/Audio/cave5.uasset" 392
"../../../RViberoom/Content/Audio/cave6.uasset" 393
"../../../RViberoom/Content/Audio/cave7.uasset" 394
"../../../RViberoom/Content/Audio/cave8.uasset" 395
"../../../RViberoom/Content/Audio/cave9.uasset" 396
"../../../RViberoom/Content/Audio/cavel1.uasset" 397
"../../../RViberoom/Content/Audio/cavel10.uasset" 398
"../../../RViberoom/Content/Audio/cavel2.uasset" 399
"../../../RViberoom/Content/Audio/cavel3.uasset" 400
"../../../RViberoom/Content/Audio/cavel4.uasset" 401
"../../../RViberoom/Content/Audio/cavel5.uasset" 402
"../../../RViberoom/Content/Audio/cavel6.uasset" 403
"../../../RViberoom/Content/Audio/cavel7.uasset" 404
"../../../RViberoom/Content/Audio/cavel8.uasset" 405
"../../../RViberoom/Content/Audio/cavel9.uasset" 406
"../../../RViberoom/Content/Audio/pm1.uasset" 407
"../../../RViberoom/Content/Audio/pm10.uasset" 408
"../../../RViberoom/Content/Audio/pm11.uasset" 409
"../../../RViberoom/Content/Audio/pm12.uasset" 410
"../../../RViberoom/Content/Audio/pm2.uasset" 411
"../../../RViberoom/Content/Audio/pm3.uasset" 412
"../../../RViberoom/Content/Audio/pm4.uasset" 413
"../../../RViberoom/Content/Audio/pm5.uasset" 414
"../../../RViberoom/Content/Audio/pm6.uasset" 415
"../../../RViberoom/Content/Audio/pm7.uasset" 416
"../../../RViberoom/Content/Audio/pm8.uasset" 417
"../../../RViberoom/Content/Audio/pm9.uasset" 418
"../../../RViberoom/Content/Audio/ref1.uasset" 419
"../../../RViberoom/Content/Audio/ref2.uasset" 420
"../../../RViberoom/Content/Audio/ref3.uasset" 421
"../../../RViberoom/Content/Audio/ref4.uasset" 422
"../../../RViberoom/Content/Audio/ref5.uasset" 423
"../../../RViberoom/Content/Audio/ref6.uasset" 424
"../../../RViberoom/Content/Audio/ref7.uasset" 425
"../../../RViberoom/Content/Audio/ref8.uasset" 426
"../../../RViberoom/Content/Audio/ref9.uasset" 427
"../../../RViberoom/Content/Audio/tir1.uasset" 428
"../../../RViberoom/Content/Audio/tir2.uasset" 429
"../../../RViberoom/Content/Audio/tir3.uasset" 430
"../../../RViberoom/Content/Audio/tir4.uasset" 431
"../../../RViberoom/Content/Audio/vex1.uasset" 432
"../../../RViberoom/Content/Audio/vex2.uasset" 433
"../../../RViberoom/Content/Audio/vex3.uasset" 434
"../../../RViberoom/Content/Audio/vex4.uasset" 435
"../../../RViberoom/Content/Audio/vex5.uasset" 436
"../../../RViberoom/Content/Audio/vex6.uasset" 437
"../../../RViberoom/Content/Audio/vex7.uasset" 438
"../../../RViberoom/Content/Audio/vexl1.uasset" 439
"../../../RViberoom/Content/Audio/vexl10.uasset" 440
"../../../RViberoom/Content/Audio/vexl11.uasset" 441
"../../../RViberoom/Content/Audio/vexl12.uasset" 442
"../../../RViberoom/Content/Audio/vexl13.uasset" 443
"../../../RViberoom/Content/Audio/vexl2.uasset" 444
"../../../RViberoom/Content/Audio/vexl3.uasset" 445
"../../../RViberoom/Content/Audio/vexl4.uasset" 446
"../../../RViberoom/Content/Audio/vexl6.uasset" 447
"../../../RViberoom/Content/Audio/vexl7.uasset" 448
"../../../RViberoom/Content/Audio/vexl8.uasset" 449
"../../../RViberoom/Content/Audio/vexl9.uasset" 450
"../../../RViberoom/Content/WidgetBlueprints/WB_PCCrossHair.uasset" 451
"../../../RViberoom/Content/WidgetBlueprints/WB_VRCrossHair.uasset" 452
"../../../RViberoom/Content/PlayerCharacter/PC_viberoom.uasset" 453
"../../../RViberoom/Content/PlayerCharacter/GM_Viberoom.uasset" 454
"../../../RViberoom/Content/maps/BaseLevel_BuiltData.uasset" 455
"../../../RViberoom/Content/materials/M_Wall.uasset" 456
"../../../Engine/Content/MapTemplates/SM_Template_Map_Floor.uasset" 457
"../../../RViberoom/Content/meshes/productsCredits.uasset" 458
"../../../RViberoom/Content/maps/BaseLevel.umap" 459
"../../../Engine/Content/Maps/Entry.umap" 460
